{"C:\\Users\\Juan David Acevedo G\\OneDrive\\Documentos\\CompunetIII\\proyecto-node-express\\src\\config\\database.ts": {"path":"C:\\Users\\Juan David Acevedo G\\OneDrive\\Documentos\\CompunetIII\\proyecto-node-express\\src\\config\\database.ts","statementMap":{"0":{"start":{"line":1,"column":0},"end":{"line":1,"column":32}},"1":{"start":{"line":2,"column":0},"end":{"line":2,"column":33}},"2":{"start":{"line":4,"column":18},"end":{"line":23,"column":1}},"3":{"start":{"line":5,"column":2},"end":{"line":22,"column":3}},"4":{"start":{"line":7,"column":20},"end":{"line":12,"column":6}},"5":{"start":{"line":14,"column":17},"end":{"line":14,"column":65}},"6":{"start":{"line":16,"column":4},"end":{"line":16,"column":67}},"7":{"start":{"line":18,"column":4},"end":{"line":18,"column":57}},"8":{"start":{"line":19,"column":4},"end":{"line":19,"column":74}},"9":{"start":{"line":20,"column":4},"end":{"line":20,"column":55}},"10":{"start":{"line":21,"column":4},"end":{"line":21,"column":20}},"11":{"start":{"line":26,"column":0},"end":{"line":26,"column":25}}},"fnMap":{"0":{"name":"(anonymous_1)","decl":{"start":{"line":4,"column":18},"end":{"line":4,"column":23}},"loc":{"start":{"line":4,"column":44},"end":{"line":23,"column":1}}}},"branchMap":{},"s":{"0":0,"1":0,"2":0,"3":0,"4":0,"5":0,"6":0,"7":0,"8":0,"9":0,"10":0,"11":0},"f":{"0":0},"b":{}}
,"C:\\Users\\Juan David Acevedo G\\OneDrive\\Documentos\\CompunetIII\\proyecto-node-express\\src\\controllers\\auth.controller.ts": {"path":"C:\\Users\\Juan David Acevedo G\\OneDrive\\Documentos\\CompunetIII\\proyecto-node-express\\src\\controllers\\auth.controller.ts","statementMap":{"0":{"start":{"line":2,"column":0},"end":{"line":2,"column":54}},"1":{"start":{"line":7,"column":4},"end":{"line":18,"column":5}},"2":{"start":{"line":8,"column":40},"end":{"line":8,"column":48}},"3":{"start":{"line":9,"column":21},"end":{"line":9,"column":55}},"4":{"start":{"line":11,"column":6},"end":{"line":15,"column":9}},"5":{"start":{"line":17,"column":6},"end":{"line":17,"column":18}},"6":{"start":{"line":22,"column":4},"end":{"line":33,"column":5}},"7":{"start":{"line":23,"column":44},"end":{"line":23,"column":52}},"8":{"start":{"line":24,"column":21},"end":{"line":24,"column":61}},"9":{"start":{"line":26,"column":6},"end":{"line":30,"column":9}},"10":{"start":{"line":32,"column":6},"end":{"line":32,"column":18}},"11":{"start":{"line":37,"column":4},"end":{"line":57,"column":5}},"12":{"start":{"line":38,"column":25},"end":{"line":38,"column":50}},"13":{"start":{"line":40,"column":6},"end":{"line":45,"column":7}},"14":{"start":{"line":41,"column":8},"end":{"line":44,"column":11}},"15":{"start":{"line":47,"column":20},"end":{"line":47,"column":43}},"16":{"start":{"line":48,"column":22},"end":{"line":48,"column":58}},"17":{"start":{"line":50,"column":6},"end":{"line":54,"column":9}},"18":{"start":{"line":56,"column":6},"end":{"line":56,"column":18}},"19":{"start":{"line":5,"column":0},"end":{"line":5,"column":13}}},"fnMap":{"0":{"name":"(anonymous_0)","decl":{"start":{"line":6,"column":2},"end":{"line":6,"column":8}},"loc":{"start":{"line":6,"column":68},"end":{"line":19,"column":3}}},"1":{"name":"(anonymous_1)","decl":{"start":{"line":21,"column":2},"end":{"line":21,"column":8}},"loc":{"start":{"line":21,"column":71},"end":{"line":34,"column":3}}},"2":{"name":"(anonymous_2)","decl":{"start":{"line":36,"column":2},"end":{"line":36,"column":8}},"loc":{"start":{"line":36,"column":74},"end":{"line":58,"column":3}}}},"branchMap":{"0":{"loc":{"start":{"line":40,"column":6},"end":{"line":45,"column":7}},"type":"if","locations":[{"start":{"line":40,"column":6},"end":{"line":45,"column":7}},{"start":{},"end":{}}]},"1":{"loc":{"start":{"line":40,"column":10},"end":{"line":40,"column":58}},"type":"binary-expr","locations":[{"start":{"line":40,"column":10},"end":{"line":40,"column":21}},{"start":{"line":40,"column":25},"end":{"line":40,"column":58}}]}},"s":{"0":1,"1":4,"2":4,"3":4,"4":1,"5":3,"6":4,"7":4,"8":4,"9":1,"10":3,"11":7,"12":7,"13":7,"14":3,"15":4,"16":4,"17":2,"18":2,"19":1},"f":{"0":4,"1":4,"2":7},"b":{"0":[3,4],"1":[7,5]}}
,"C:\\Users\\Juan David Acevedo G\\OneDrive\\Documentos\\CompunetIII\\proyecto-node-express\\src\\controllers\\project.controller.ts": {"path":"C:\\Users\\Juan David Acevedo G\\OneDrive\\Documentos\\CompunetIII\\proyecto-node-express\\src\\controllers\\project.controller.ts","statementMap":{"0":{"start":{"line":2,"column":0},"end":{"line":2,"column":45}},"1":{"start":{"line":4,"column":0},"end":{"line":4,"column":73}},"2":{"start":{"line":8,"column":4},"end":{"line":25,"column":5}},"3":{"start":{"line":9,"column":48},"end":{"line":9,"column":56}},"4":{"start":{"line":10,"column":20},"end":{"line":10,"column":36}},"5":{"start":{"line":12,"column":6},"end":{"line":14,"column":7}},"6":{"start":{"line":13,"column":8},"end":{"line":13,"column":62}},"7":{"start":{"line":16,"column":22},"end":{"line":16,"column":83}},"8":{"start":{"line":18,"column":6},"end":{"line":22,"column":9}},"9":{"start":{"line":24,"column":6},"end":{"line":24,"column":18}},"10":{"start":{"line":29,"column":4},"end":{"line":55,"column":5}},"11":{"start":{"line":30,"column":19},"end":{"line":30,"column":58}},"12":{"start":{"line":31,"column":20},"end":{"line":31,"column":61}},"13":{"start":{"line":33,"column":26},"end":{"line":33,"column":28}},"14":{"start":{"line":35,"column":6},"end":{"line":37,"column":7}},"15":{"start":{"line":36,"column":8},"end":{"line":36,"column":41}},"16":{"start":{"line":39,"column":6},"end":{"line":41,"column":7}},"17":{"start":{"line":40,"column":8},"end":{"line":40,"column":77}},"18":{"start":{"line":43,"column":6},"end":{"line":45,"column":7}},"19":{"start":{"line":44,"column":8},"end":{"line":44,"column":40}},"20":{"start":{"line":47,"column":21},"end":{"line":47,"column":74}},"21":{"start":{"line":49,"column":6},"end":{"line":52,"column":9}},"22":{"start":{"line":54,"column":6},"end":{"line":54,"column":18}},"23":{"start":{"line":59,"column":4},"end":{"line":77,"column":5}},"24":{"start":{"line":60,"column":21},"end":{"line":60,"column":31}},"25":{"start":{"line":61,"column":21},"end":{"line":61,"column":37}},"26":{"start":{"line":62,"column":19},"end":{"line":62,"column":33}},"27":{"start":{"line":64,"column":6},"end":{"line":66,"column":7}},"28":{"start":{"line":65,"column":8},"end":{"line":65,"column":66}},"29":{"start":{"line":68,"column":22},"end":{"line":68,"column":61}},"30":{"start":{"line":69,"column":6},"end":{"line":69,"column":68}},"31":{"start":{"line":71,"column":6},"end":{"line":74,"column":9}},"32":{"start":{"line":76,"column":6},"end":{"line":76,"column":18}},"33":{"start":{"line":81,"column":4},"end":{"line":101,"column":5}},"34":{"start":{"line":82,"column":21},"end":{"line":82,"column":31}},"35":{"start":{"line":83,"column":21},"end":{"line":83,"column":37}},"36":{"start":{"line":84,"column":19},"end":{"line":84,"column":33}},"37":{"start":{"line":86,"column":6},"end":{"line":88,"column":7}},"38":{"start":{"line":87,"column":8},"end":{"line":87,"column":66}},"39":{"start":{"line":90,"column":44},"end":{"line":90,"column":52}},"40":{"start":{"line":91,"column":6},"end":{"line":91,"column":68}},"41":{"start":{"line":92,"column":29},"end":{"line":92,"column":76}},"42":{"start":{"line":94,"column":6},"end":{"line":98,"column":9}},"43":{"start":{"line":100,"column":6},"end":{"line":100,"column":18}},"44":{"start":{"line":105,"column":4},"end":{"line":123,"column":5}},"45":{"start":{"line":106,"column":21},"end":{"line":106,"column":31}},"46":{"start":{"line":107,"column":21},"end":{"line":107,"column":37}},"47":{"start":{"line":108,"column":19},"end":{"line":108,"column":33}},"48":{"start":{"line":110,"column":6},"end":{"line":112,"column":7}},"49":{"start":{"line":111,"column":8},"end":{"line":111,"column":66}},"50":{"start":{"line":114,"column":6},"end":{"line":114,"column":68}},"51":{"start":{"line":115,"column":6},"end":{"line":115,"column":45}},"52":{"start":{"line":117,"column":6},"end":{"line":120,"column":9}},"53":{"start":{"line":122,"column":6},"end":{"line":122,"column":18}},"54":{"start":{"line":127,"column":4},"end":{"line":140,"column":5}},"55":{"start":{"line":128,"column":19},"end":{"line":128,"column":58}},"56":{"start":{"line":129,"column":20},"end":{"line":129,"column":61}},"57":{"start":{"line":131,"column":21},"end":{"line":131,"column":48}},"58":{"start":{"line":132,"column":21},"end":{"line":132,"column":74}},"59":{"start":{"line":134,"column":6},"end":{"line":137,"column":9}},"60":{"start":{"line":139,"column":6},"end":{"line":139,"column":18}},"61":{"start":{"line":144,"column":4},"end":{"line":153,"column":5}},"62":{"start":{"line":145,"column":20},"end":{"line":145,"column":92}},"63":{"start":{"line":147,"column":6},"end":{"line":150,"column":9}},"64":{"start":{"line":152,"column":6},"end":{"line":152,"column":18}},"65":{"start":{"line":6,"column":0},"end":{"line":6,"column":13}}},"fnMap":{"0":{"name":"(anonymous_0)","decl":{"start":{"line":7,"column":2},"end":{"line":7,"column":8}},"loc":{"start":{"line":7,"column":73},"end":{"line":26,"column":3}}},"1":{"name":"(anonymous_1)","decl":{"start":{"line":28,"column":2},"end":{"line":28,"column":8}},"loc":{"start":{"line":28,"column":73},"end":{"line":56,"column":3}}},"2":{"name":"(anonymous_2)","decl":{"start":{"line":58,"column":2},"end":{"line":58,"column":8}},"loc":{"start":{"line":58,"column":74},"end":{"line":78,"column":3}}},"3":{"name":"(anonymous_3)","decl":{"start":{"line":80,"column":2},"end":{"line":80,"column":8}},"loc":{"start":{"line":80,"column":73},"end":{"line":102,"column":3}}},"4":{"name":"(anonymous_4)","decl":{"start":{"line":104,"column":2},"end":{"line":104,"column":8}},"loc":{"start":{"line":104,"column":73},"end":{"line":124,"column":3}}},"5":{"name":"(anonymous_5)","decl":{"start":{"line":126,"column":2},"end":{"line":126,"column":8}},"loc":{"start":{"line":126,"column":80},"end":{"line":141,"column":3}}},"6":{"name":"(anonymous_6)","decl":{"start":{"line":143,"column":2},"end":{"line":143,"column":8}},"loc":{"start":{"line":143,"column":75},"end":{"line":154,"column":3}}}},"branchMap":{"0":{"loc":{"start":{"line":12,"column":6},"end":{"line":14,"column":7}},"type":"if","locations":[{"start":{"line":12,"column":6},"end":{"line":14,"column":7}},{"start":{},"end":{}}]},"1":{"loc":{"start":{"line":30,"column":19},"end":{"line":30,"column":58}},"type":"binary-expr","locations":[{"start":{"line":30,"column":19},"end":{"line":30,"column":53}},{"start":{"line":30,"column":57},"end":{"line":30,"column":58}}]},"2":{"loc":{"start":{"line":31,"column":20},"end":{"line":31,"column":61}},"type":"binary-expr","locations":[{"start":{"line":31,"column":20},"end":{"line":31,"column":55}},{"start":{"line":31,"column":59},"end":{"line":31,"column":61}}]},"3":{"loc":{"start":{"line":35,"column":6},"end":{"line":37,"column":7}},"type":"if","locations":[{"start":{"line":35,"column":6},"end":{"line":37,"column":7}},{"start":{},"end":{}}]},"4":{"loc":{"start":{"line":39,"column":6},"end":{"line":41,"column":7}},"type":"if","locations":[{"start":{"line":39,"column":6},"end":{"line":41,"column":7}},{"start":{},"end":{}}]},"5":{"loc":{"start":{"line":43,"column":6},"end":{"line":45,"column":7}},"type":"if","locations":[{"start":{"line":43,"column":6},"end":{"line":45,"column":7}},{"start":{},"end":{}}]},"6":{"loc":{"start":{"line":64,"column":6},"end":{"line":66,"column":7}},"type":"if","locations":[{"start":{"line":64,"column":6},"end":{"line":66,"column":7}},{"start":{},"end":{}}]},"7":{"loc":{"start":{"line":64,"column":10},"end":{"line":64,"column":33}},"type":"binary-expr","locations":[{"start":{"line":64,"column":10},"end":{"line":64,"column":13}},{"start":{"line":64,"column":17},"end":{"line":64,"column":24}},{"start":{"line":64,"column":28},"end":{"line":64,"column":33}}]},"8":{"loc":{"start":{"line":86,"column":6},"end":{"line":88,"column":7}},"type":"if","locations":[{"start":{"line":86,"column":6},"end":{"line":88,"column":7}},{"start":{},"end":{}}]},"9":{"loc":{"start":{"line":86,"column":10},"end":{"line":86,"column":33}},"type":"binary-expr","locations":[{"start":{"line":86,"column":10},"end":{"line":86,"column":13}},{"start":{"line":86,"column":17},"end":{"line":86,"column":24}},{"start":{"line":86,"column":28},"end":{"line":86,"column":33}}]},"10":{"loc":{"start":{"line":110,"column":6},"end":{"line":112,"column":7}},"type":"if","locations":[{"start":{"line":110,"column":6},"end":{"line":112,"column":7}},{"start":{},"end":{}}]},"11":{"loc":{"start":{"line":110,"column":10},"end":{"line":110,"column":33}},"type":"binary-expr","locations":[{"start":{"line":110,"column":10},"end":{"line":110,"column":13}},{"start":{"line":110,"column":17},"end":{"line":110,"column":24}},{"start":{"line":110,"column":28},"end":{"line":110,"column":33}}]},"12":{"loc":{"start":{"line":128,"column":19},"end":{"line":128,"column":58}},"type":"binary-expr","locations":[{"start":{"line":128,"column":19},"end":{"line":128,"column":53}},{"start":{"line":128,"column":57},"end":{"line":128,"column":58}}]},"13":{"loc":{"start":{"line":129,"column":20},"end":{"line":129,"column":61}},"type":"binary-expr","locations":[{"start":{"line":129,"column":20},"end":{"line":129,"column":55}},{"start":{"line":129,"column":59},"end":{"line":129,"column":61}}]}},"s":{"0":1,"1":1,"2":3,"3":3,"4":3,"5":3,"6":1,"7":2,"8":1,"9":2,"10":4,"11":4,"12":4,"13":4,"14":4,"15":1,"16":4,"17":1,"18":4,"19":3,"20":4,"21":3,"22":1,"23":4,"24":4,"25":4,"26":4,"27":4,"28":2,"29":2,"30":1,"31":1,"32":3,"33":4,"34":4,"35":4,"36":4,"37":4,"38":1,"39":3,"40":3,"41":2,"42":1,"43":3,"44":3,"45":3,"46":3,"47":3,"48":3,"49":1,"50":2,"51":1,"52":1,"53":2,"54":3,"55":3,"56":3,"57":3,"58":3,"59":2,"60":1,"61":2,"62":2,"63":1,"64":1,"65":1},"f":{"0":3,"1":4,"2":4,"3":4,"4":3,"5":3,"6":2},"b":{"0":[1,2],"1":[4,3],"2":[4,3],"3":[1,3],"4":[1,3],"5":[3,1],"6":[2,2],"7":[4,3,2],"8":[1,3],"9":[4,3,3],"10":[1,2],"11":[3,2,2],"12":[3,2],"13":[3,2]}}
,"C:\\Users\\Juan David Acevedo G\\OneDrive\\Documentos\\CompunetIII\\proyecto-node-express\\src\\controllers\\task.controller.ts": {"path":"C:\\Users\\Juan David Acevedo G\\OneDrive\\Documentos\\CompunetIII\\proyecto-node-express\\src\\controllers\\task.controller.ts","statementMap":{"0":{"start":{"line":2,"column":0},"end":{"line":2,"column":42}},"1":{"start":{"line":4,"column":0},"end":{"line":4,"column":73}},"2":{"start":{"line":8,"column":4},"end":{"line":25,"column":5}},"3":{"start":{"line":9,"column":42},"end":{"line":9,"column":50}},"4":{"start":{"line":10,"column":24},"end":{"line":10,"column":40}},"5":{"start":{"line":12,"column":6},"end":{"line":14,"column":7}},"6":{"start":{"line":13,"column":8},"end":{"line":13,"column":62}},"7":{"start":{"line":16,"column":19},"end":{"line":16,"column":75}},"8":{"start":{"line":18,"column":6},"end":{"line":22,"column":9}},"9":{"start":{"line":24,"column":6},"end":{"line":24,"column":18}},"10":{"start":{"line":29,"column":4},"end":{"line":61,"column":5}},"11":{"start":{"line":30,"column":19},"end":{"line":30,"column":58}},"12":{"start":{"line":31,"column":20},"end":{"line":31,"column":61}},"13":{"start":{"line":32,"column":24},"end":{"line":32,"column":51}},"14":{"start":{"line":34,"column":26},"end":{"line":34,"column":28}},"15":{"start":{"line":36,"column":6},"end":{"line":38,"column":7}},"16":{"start":{"line":37,"column":8},"end":{"line":37,"column":35}},"17":{"start":{"line":40,"column":6},"end":{"line":42,"column":7}},"18":{"start":{"line":41,"column":8},"end":{"line":41,"column":41}},"19":{"start":{"line":44,"column":6},"end":{"line":46,"column":7}},"20":{"start":{"line":45,"column":8},"end":{"line":45,"column":45}},"21":{"start":{"line":47,"column":21},"end":{"line":52,"column":null}},"22":{"start":{"line":55,"column":6},"end":{"line":58,"column":9}},"23":{"start":{"line":60,"column":6},"end":{"line":60,"column":18}},"24":{"start":{"line":66,"column":4},"end":{"line":84,"column":5}},"25":{"start":{"line":67,"column":21},"end":{"line":67,"column":31}},"26":{"start":{"line":68,"column":21},"end":{"line":68,"column":37}},"27":{"start":{"line":69,"column":19},"end":{"line":69,"column":33}},"28":{"start":{"line":71,"column":6},"end":{"line":73,"column":7}},"29":{"start":{"line":72,"column":8},"end":{"line":72,"column":66}},"30":{"start":{"line":75,"column":19},"end":{"line":75,"column":52}},"31":{"start":{"line":76,"column":6},"end":{"line":76,"column":62}},"32":{"start":{"line":78,"column":6},"end":{"line":81,"column":9}},"33":{"start":{"line":83,"column":6},"end":{"line":83,"column":18}},"34":{"start":{"line":88,"column":4},"end":{"line":108,"column":5}},"35":{"start":{"line":89,"column":21},"end":{"line":89,"column":31}},"36":{"start":{"line":90,"column":21},"end":{"line":90,"column":37}},"37":{"start":{"line":91,"column":19},"end":{"line":91,"column":33}},"38":{"start":{"line":93,"column":6},"end":{"line":95,"column":7}},"39":{"start":{"line":94,"column":8},"end":{"line":94,"column":66}},"40":{"start":{"line":97,"column":41},"end":{"line":97,"column":49}},"41":{"start":{"line":98,"column":6},"end":{"line":98,"column":62}},"42":{"start":{"line":99,"column":26},"end":{"line":99,"column":67}},"43":{"start":{"line":101,"column":6},"end":{"line":105,"column":9}},"44":{"start":{"line":107,"column":6},"end":{"line":107,"column":18}},"45":{"start":{"line":112,"column":4},"end":{"line":130,"column":5}},"46":{"start":{"line":113,"column":21},"end":{"line":113,"column":31}},"47":{"start":{"line":114,"column":21},"end":{"line":114,"column":37}},"48":{"start":{"line":115,"column":19},"end":{"line":115,"column":33}},"49":{"start":{"line":117,"column":6},"end":{"line":119,"column":7}},"50":{"start":{"line":118,"column":8},"end":{"line":118,"column":66}},"51":{"start":{"line":121,"column":6},"end":{"line":121,"column":62}},"52":{"start":{"line":122,"column":6},"end":{"line":122,"column":39}},"53":{"start":{"line":124,"column":6},"end":{"line":127,"column":9}},"54":{"start":{"line":129,"column":6},"end":{"line":129,"column":18}},"55":{"start":{"line":134,"column":4},"end":{"line":153,"column":5}},"56":{"start":{"line":135,"column":28},"end":{"line":135,"column":38}},"57":{"start":{"line":136,"column":21},"end":{"line":136,"column":37}},"58":{"start":{"line":137,"column":19},"end":{"line":137,"column":33}},"59":{"start":{"line":138,"column":19},"end":{"line":138,"column":58}},"60":{"start":{"line":139,"column":20},"end":{"line":139,"column":61}},"61":{"start":{"line":141,"column":6},"end":{"line":143,"column":7}},"62":{"start":{"line":142,"column":8},"end":{"line":142,"column":66}},"63":{"start":{"line":145,"column":21},"end":{"line":145,"column":94}},"64":{"start":{"line":147,"column":6},"end":{"line":150,"column":9}},"65":{"start":{"line":152,"column":6},"end":{"line":152,"column":18}},"66":{"start":{"line":6,"column":0},"end":{"line":6,"column":13}}},"fnMap":{"0":{"name":"(anonymous_0)","decl":{"start":{"line":7,"column":2},"end":{"line":7,"column":8}},"loc":{"start":{"line":7,"column":73},"end":{"line":26,"column":3}}},"1":{"name":"(anonymous_1)","decl":{"start":{"line":28,"column":2},"end":{"line":28,"column":8}},"loc":{"start":{"line":28,"column":73},"end":{"line":62,"column":3}}},"2":{"name":"(anonymous_2)","decl":{"start":{"line":65,"column":2},"end":{"line":65,"column":8}},"loc":{"start":{"line":65,"column":74},"end":{"line":85,"column":3}}},"3":{"name":"(anonymous_3)","decl":{"start":{"line":87,"column":2},"end":{"line":87,"column":8}},"loc":{"start":{"line":87,"column":73},"end":{"line":109,"column":3}}},"4":{"name":"(anonymous_4)","decl":{"start":{"line":111,"column":2},"end":{"line":111,"column":8}},"loc":{"start":{"line":111,"column":73},"end":{"line":131,"column":3}}},"5":{"name":"(anonymous_5)","decl":{"start":{"line":133,"column":2},"end":{"line":133,"column":8}},"loc":{"start":{"line":133,"column":79},"end":{"line":154,"column":3}}}},"branchMap":{"0":{"loc":{"start":{"line":12,"column":6},"end":{"line":14,"column":7}},"type":"if","locations":[{"start":{"line":12,"column":6},"end":{"line":14,"column":7}},{"start":{},"end":{}}]},"1":{"loc":{"start":{"line":30,"column":19},"end":{"line":30,"column":58}},"type":"binary-expr","locations":[{"start":{"line":30,"column":19},"end":{"line":30,"column":53}},{"start":{"line":30,"column":57},"end":{"line":30,"column":58}}]},"2":{"loc":{"start":{"line":31,"column":20},"end":{"line":31,"column":61}},"type":"binary-expr","locations":[{"start":{"line":31,"column":20},"end":{"line":31,"column":55}},{"start":{"line":31,"column":59},"end":{"line":31,"column":61}}]},"3":{"loc":{"start":{"line":36,"column":6},"end":{"line":38,"column":7}},"type":"if","locations":[{"start":{"line":36,"column":6},"end":{"line":38,"column":7}},{"start":{},"end":{}}]},"4":{"loc":{"start":{"line":40,"column":6},"end":{"line":42,"column":7}},"type":"if","locations":[{"start":{"line":40,"column":6},"end":{"line":42,"column":7}},{"start":{},"end":{}}]},"5":{"loc":{"start":{"line":44,"column":6},"end":{"line":46,"column":7}},"type":"if","locations":[{"start":{"line":44,"column":6},"end":{"line":46,"column":7}},{"start":{},"end":{}}]},"6":{"loc":{"start":{"line":71,"column":6},"end":{"line":73,"column":7}},"type":"if","locations":[{"start":{"line":71,"column":6},"end":{"line":73,"column":7}},{"start":{},"end":{}}]},"7":{"loc":{"start":{"line":71,"column":10},"end":{"line":71,"column":33}},"type":"binary-expr","locations":[{"start":{"line":71,"column":10},"end":{"line":71,"column":13}},{"start":{"line":71,"column":17},"end":{"line":71,"column":24}},{"start":{"line":71,"column":28},"end":{"line":71,"column":33}}]},"8":{"loc":{"start":{"line":93,"column":6},"end":{"line":95,"column":7}},"type":"if","locations":[{"start":{"line":93,"column":6},"end":{"line":95,"column":7}},{"start":{},"end":{}}]},"9":{"loc":{"start":{"line":93,"column":10},"end":{"line":93,"column":33}},"type":"binary-expr","locations":[{"start":{"line":93,"column":10},"end":{"line":93,"column":13}},{"start":{"line":93,"column":17},"end":{"line":93,"column":24}},{"start":{"line":93,"column":28},"end":{"line":93,"column":33}}]},"10":{"loc":{"start":{"line":117,"column":6},"end":{"line":119,"column":7}},"type":"if","locations":[{"start":{"line":117,"column":6},"end":{"line":119,"column":7}},{"start":{},"end":{}}]},"11":{"loc":{"start":{"line":117,"column":10},"end":{"line":117,"column":33}},"type":"binary-expr","locations":[{"start":{"line":117,"column":10},"end":{"line":117,"column":13}},{"start":{"line":117,"column":17},"end":{"line":117,"column":24}},{"start":{"line":117,"column":28},"end":{"line":117,"column":33}}]},"12":{"loc":{"start":{"line":138,"column":19},"end":{"line":138,"column":58}},"type":"binary-expr","locations":[{"start":{"line":138,"column":19},"end":{"line":138,"column":53}},{"start":{"line":138,"column":57},"end":{"line":138,"column":58}}]},"13":{"loc":{"start":{"line":139,"column":20},"end":{"line":139,"column":61}},"type":"binary-expr","locations":[{"start":{"line":139,"column":20},"end":{"line":139,"column":55}},{"start":{"line":139,"column":59},"end":{"line":139,"column":61}}]},"14":{"loc":{"start":{"line":141,"column":6},"end":{"line":143,"column":7}},"type":"if","locations":[{"start":{"line":141,"column":6},"end":{"line":143,"column":7}},{"start":{},"end":{}}]},"15":{"loc":{"start":{"line":141,"column":10},"end":{"line":141,"column":40}},"type":"binary-expr","locations":[{"start":{"line":141,"column":10},"end":{"line":141,"column":20}},{"start":{"line":141,"column":24},"end":{"line":141,"column":31}},{"start":{"line":141,"column":35},"end":{"line":141,"column":40}}]}},"s":{"0":1,"1":1,"2":3,"3":3,"4":3,"5":3,"6":1,"7":2,"8":1,"9":2,"10":3,"11":3,"12":3,"13":3,"14":3,"15":3,"16":1,"17":3,"18":1,"19":3,"20":1,"21":3,"22":2,"23":1,"24":4,"25":4,"26":4,"27":4,"28":4,"29":2,"30":2,"31":1,"32":1,"33":3,"34":4,"35":4,"36":4,"37":4,"38":4,"39":1,"40":3,"41":3,"42":2,"43":1,"44":3,"45":3,"46":3,"47":3,"48":3,"49":3,"50":1,"51":2,"52":1,"53":1,"54":2,"55":5,"56":5,"57":5,"58":5,"59":5,"60":5,"61":5,"62":2,"63":3,"64":2,"65":3,"66":1},"f":{"0":3,"1":3,"2":4,"3":4,"4":3,"5":5},"b":{"0":[1,2],"1":[3,2],"2":[3,2],"3":[1,2],"4":[1,2],"5":[1,2],"6":[2,2],"7":[4,3,2],"8":[1,3],"9":[4,3,3],"10":[1,2],"11":[3,2,2],"12":[5,4],"13":[5,4],"14":[2,3],"15":[5,4,3]}}
,"C:\\Users\\Juan David Acevedo G\\OneDrive\\Documentos\\CompunetIII\\proyecto-node-express\\src\\controllers\\user.controller.ts": {"path":"C:\\Users\\Juan David Acevedo G\\OneDrive\\Documentos\\CompunetIII\\proyecto-node-express\\src\\controllers\\user.controller.ts","statementMap":{"0":{"start":{"line":2,"column":0},"end":{"line":2,"column":55}},"1":{"start":{"line":4,"column":0},"end":{"line":4,"column":73}},"2":{"start":{"line":9,"column":4},"end":{"line":20,"column":5}},"3":{"start":{"line":10,"column":40},"end":{"line":10,"column":48}},"4":{"start":{"line":11,"column":21},"end":{"line":11,"column":57}},"5":{"start":{"line":13,"column":6},"end":{"line":17,"column":9}},"6":{"start":{"line":19,"column":6},"end":{"line":19,"column":18}},"7":{"start":{"line":25,"column":4},"end":{"line":36,"column":5}},"8":{"start":{"line":26,"column":38},"end":{"line":26,"column":46}},"9":{"start":{"line":27,"column":21},"end":{"line":27,"column":55}},"10":{"start":{"line":29,"column":6},"end":{"line":33,"column":9}},"11":{"start":{"line":35,"column":6},"end":{"line":35,"column":18}},"12":{"start":{"line":41,"column":4},"end":{"line":56,"column":5}},"13":{"start":{"line":42,"column":21},"end":{"line":42,"column":37}},"14":{"start":{"line":44,"column":6},"end":{"line":46,"column":7}},"15":{"start":{"line":45,"column":8},"end":{"line":45,"column":62}},"16":{"start":{"line":48,"column":19},"end":{"line":48,"column":55}},"17":{"start":{"line":50,"column":6},"end":{"line":53,"column":9}},"18":{"start":{"line":55,"column":6},"end":{"line":55,"column":18}},"19":{"start":{"line":61,"column":4},"end":{"line":73,"column":5}},"20":{"start":{"line":62,"column":19},"end":{"line":62,"column":58}},"21":{"start":{"line":63,"column":20},"end":{"line":63,"column":61}},"22":{"start":{"line":65,"column":21},"end":{"line":65,"column":63}},"23":{"start":{"line":67,"column":6},"end":{"line":70,"column":9}},"24":{"start":{"line":72,"column":6},"end":{"line":72,"column":18}},"25":{"start":{"line":78,"column":4},"end":{"line":89,"column":5}},"26":{"start":{"line":79,"column":78},"end":{"line":79,"column":86}},"27":{"start":{"line":80,"column":21},"end":{"line":80,"column":59}},"28":{"start":{"line":82,"column":6},"end":{"line":86,"column":9}},"29":{"start":{"line":88,"column":6},"end":{"line":88,"column":18}},"30":{"start":{"line":94,"column":4},"end":{"line":111,"column":5}},"31":{"start":{"line":95,"column":21},"end":{"line":95,"column":31}},"32":{"start":{"line":97,"column":6},"end":{"line":99,"column":7}},"33":{"start":{"line":98,"column":8},"end":{"line":98,"column":59}},"34":{"start":{"line":101,"column":41},"end":{"line":101,"column":49}},"35":{"start":{"line":102,"column":21},"end":{"line":102,"column":62}},"36":{"start":{"line":104,"column":6},"end":{"line":108,"column":9}},"37":{"start":{"line":110,"column":6},"end":{"line":110,"column":18}},"38":{"start":{"line":116,"column":4},"end":{"line":132,"column":5}},"39":{"start":{"line":117,"column":21},"end":{"line":117,"column":31}},"40":{"start":{"line":118,"column":21},"end":{"line":118,"column":37}},"41":{"start":{"line":120,"column":6},"end":{"line":122,"column":7}},"42":{"start":{"line":121,"column":8},"end":{"line":121,"column":66}},"43":{"start":{"line":124,"column":6},"end":{"line":124,"column":47}},"44":{"start":{"line":126,"column":6},"end":{"line":129,"column":9}},"45":{"start":{"line":131,"column":6},"end":{"line":131,"column":18}},"46":{"start":{"line":137,"column":4},"end":{"line":152,"column":5}},"47":{"start":{"line":138,"column":21},"end":{"line":138,"column":31}},"48":{"start":{"line":140,"column":6},"end":{"line":142,"column":7}},"49":{"start":{"line":141,"column":8},"end":{"line":141,"column":59}},"50":{"start":{"line":144,"column":19},"end":{"line":144,"column":52}},"51":{"start":{"line":146,"column":6},"end":{"line":149,"column":9}},"52":{"start":{"line":151,"column":6},"end":{"line":151,"column":18}},"53":{"start":{"line":6,"column":0},"end":{"line":6,"column":13}}},"fnMap":{"0":{"name":"(anonymous_0)","decl":{"start":{"line":8,"column":2},"end":{"line":8,"column":8}},"loc":{"start":{"line":8,"column":71},"end":{"line":21,"column":3}}},"1":{"name":"(anonymous_1)","decl":{"start":{"line":24,"column":2},"end":{"line":24,"column":8}},"loc":{"start":{"line":24,"column":68},"end":{"line":37,"column":3}}},"2":{"name":"(anonymous_2)","decl":{"start":{"line":40,"column":2},"end":{"line":40,"column":8}},"loc":{"start":{"line":40,"column":77},"end":{"line":57,"column":3}}},"3":{"name":"(anonymous_3)","decl":{"start":{"line":60,"column":2},"end":{"line":60,"column":8}},"loc":{"start":{"line":60,"column":78},"end":{"line":74,"column":3}}},"4":{"name":"(anonymous_4)","decl":{"start":{"line":77,"column":2},"end":{"line":77,"column":8}},"loc":{"start":{"line":77,"column":77},"end":{"line":90,"column":3}}},"5":{"name":"(anonymous_5)","decl":{"start":{"line":93,"column":2},"end":{"line":93,"column":8}},"loc":{"start":{"line":93,"column":77},"end":{"line":112,"column":3}}},"6":{"name":"(anonymous_6)","decl":{"start":{"line":115,"column":2},"end":{"line":115,"column":8}},"loc":{"start":{"line":115,"column":77},"end":{"line":133,"column":3}}},"7":{"name":"(anonymous_7)","decl":{"start":{"line":136,"column":2},"end":{"line":136,"column":8}},"loc":{"start":{"line":136,"column":78},"end":{"line":153,"column":3}}}},"branchMap":{"0":{"loc":{"start":{"line":44,"column":6},"end":{"line":46,"column":7}},"type":"if","locations":[{"start":{"line":44,"column":6},"end":{"line":46,"column":7}},{"start":{},"end":{}}]},"1":{"loc":{"start":{"line":62,"column":19},"end":{"line":62,"column":58}},"type":"binary-expr","locations":[{"start":{"line":62,"column":19},"end":{"line":62,"column":53}},{"start":{"line":62,"column":57},"end":{"line":62,"column":58}}]},"2":{"loc":{"start":{"line":63,"column":20},"end":{"line":63,"column":61}},"type":"binary-expr","locations":[{"start":{"line":63,"column":20},"end":{"line":63,"column":55}},{"start":{"line":63,"column":59},"end":{"line":63,"column":61}}]},"3":{"loc":{"start":{"line":97,"column":6},"end":{"line":99,"column":7}},"type":"if","locations":[{"start":{"line":97,"column":6},"end":{"line":99,"column":7}},{"start":{},"end":{}}]},"4":{"loc":{"start":{"line":120,"column":6},"end":{"line":122,"column":7}},"type":"if","locations":[{"start":{"line":120,"column":6},"end":{"line":122,"column":7}},{"start":{},"end":{}}]},"5":{"loc":{"start":{"line":120,"column":10},"end":{"line":120,"column":24}},"type":"binary-expr","locations":[{"start":{"line":120,"column":10},"end":{"line":120,"column":13}},{"start":{"line":120,"column":17},"end":{"line":120,"column":24}}]},"6":{"loc":{"start":{"line":140,"column":6},"end":{"line":142,"column":7}},"type":"if","locations":[{"start":{"line":140,"column":6},"end":{"line":142,"column":7}},{"start":{},"end":{}}]}},"s":{"0":1,"1":1,"2":2,"3":2,"4":2,"5":1,"6":1,"7":2,"8":2,"9":2,"10":1,"11":1,"12":3,"13":3,"14":3,"15":1,"16":2,"17":1,"18":2,"19":3,"20":3,"21":3,"22":3,"23":2,"24":1,"25":2,"26":2,"27":2,"28":1,"29":1,"30":3,"31":3,"32":3,"33":1,"34":2,"35":2,"36":1,"37":2,"38":4,"39":4,"40":4,"41":4,"42":2,"43":2,"44":1,"45":3,"46":3,"47":3,"48":3,"49":1,"50":2,"51":1,"52":2,"53":1},"f":{"0":2,"1":2,"2":3,"3":3,"4":2,"5":3,"6":4,"7":3},"b":{"0":[1,2],"1":[3,2],"2":[3,2],"3":[1,2],"4":[2,2],"5":[4,3],"6":[1,2]}}
,"C:\\Users\\Juan David Acevedo G\\OneDrive\\Documentos\\CompunetIII\\proyecto-node-express\\src\\middleware\\auth.ts": {"path":"C:\\Users\\Juan David Acevedo G\\OneDrive\\Documentos\\CompunetIII\\proyecto-node-express\\src\\middleware\\auth.ts","statementMap":{"0":{"start":{"line":2,"column":0},"end":{"line":2,"column":54}},"1":{"start":{"line":5,"column":28},"end":{"line":33,"column":1}},"2":{"start":{"line":6,"column":2},"end":{"line":32,"column":3}},"3":{"start":{"line":7,"column":23},"end":{"line":7,"column":48}},"4":{"start":{"line":9,"column":4},"end":{"line":15,"column":5}},"5":{"start":{"line":10,"column":6},"end":{"line":13,"column":9}},"6":{"start":{"line":14,"column":6},"end":{"line":14,"column":13}},"7":{"start":{"line":17,"column":18},"end":{"line":17,"column":41}},"8":{"start":{"line":19,"column":20},"end":{"line":19,"column":56}},"9":{"start":{"line":20,"column":4},"end":{"line":24,"column":6}},"10":{"start":{"line":26,"column":4},"end":{"line":26,"column":11}},"11":{"start":{"line":28,"column":4},"end":{"line":31,"column":7}},"12":{"start":{"line":5,"column":13},"end":{"line":5,"column":28}},"13":{"start":{"line":35,"column":25},"end":{"line":55,"column":1}},"14":{"start":{"line":36,"column":2},"end":{"line":54,"column":4}},"15":{"start":{"line":37,"column":4},"end":{"line":43,"column":5}},"16":{"start":{"line":38,"column":6},"end":{"line":41,"column":9}},"17":{"start":{"line":42,"column":6},"end":{"line":42,"column":13}},"18":{"start":{"line":45,"column":4},"end":{"line":51,"column":5}},"19":{"start":{"line":46,"column":6},"end":{"line":49,"column":9}},"20":{"start":{"line":50,"column":6},"end":{"line":50,"column":13}},"21":{"start":{"line":53,"column":4},"end":{"line":53,"column":11}},"22":{"start":{"line":35,"column":13},"end":{"line":35,"column":25}}},"fnMap":{"0":{"name":"(anonymous_0)","decl":{"start":{"line":5,"column":28},"end":{"line":5,"column":33}},"loc":{"start":{"line":5,"column":105},"end":{"line":33,"column":1}}},"1":{"name":"(anonymous_1)","decl":{"start":{"line":35,"column":25},"end":{"line":35,"column":26}},"loc":{"start":{"line":35,"column":48},"end":{"line":55,"column":1}}},"2":{"name":"(anonymous_2)","decl":{"start":{"line":36,"column":9},"end":{"line":36,"column":10}},"loc":{"start":{"line":36,"column":71},"end":{"line":54,"column":3}}}},"branchMap":{"0":{"loc":{"start":{"line":9,"column":4},"end":{"line":15,"column":5}},"type":"if","locations":[{"start":{"line":9,"column":4},"end":{"line":15,"column":5}},{"start":{},"end":{}}]},"1":{"loc":{"start":{"line":9,"column":8},"end":{"line":9,"column":56}},"type":"binary-expr","locations":[{"start":{"line":9,"column":8},"end":{"line":9,"column":19}},{"start":{"line":9,"column":23},"end":{"line":9,"column":56}}]},"2":{"loc":{"start":{"line":37,"column":4},"end":{"line":43,"column":5}},"type":"if","locations":[{"start":{"line":37,"column":4},"end":{"line":43,"column":5}},{"start":{},"end":{}}]},"3":{"loc":{"start":{"line":45,"column":4},"end":{"line":51,"column":5}},"type":"if","locations":[{"start":{"line":45,"column":4},"end":{"line":51,"column":5}},{"start":{},"end":{}}]}},"s":{"0":1,"1":1,"2":13,"3":13,"4":13,"5":4,"6":4,"7":9,"8":9,"9":6,"10":6,"11":3,"12":1,"13":1,"14":11,"15":10,"16":1,"17":1,"18":9,"19":5,"20":5,"21":4,"22":1},"f":{"0":13,"1":11,"2":10},"b":{"0":[4,9],"1":[13,11],"2":[1,9],"3":[5,4]}}
,"C:\\Users\\Juan David Acevedo G\\OneDrive\\Documentos\\CompunetIII\\proyecto-node-express\\src\\middleware\\error.ts": {"path":"C:\\Users\\Juan David Acevedo G\\OneDrive\\Documentos\\CompunetIII\\proyecto-node-express\\src\\middleware\\error.ts","statementMap":{"0":{"start":{"line":8,"column":4},"end":{"line":8,"column":19}},"1":{"start":{"line":9,"column":4},"end":{"line":9,"column":33}},"2":{"start":{"line":10,"column":4},"end":{"line":10,"column":39}},"3":{"start":{"line":11,"column":4},"end":{"line":11,"column":52}},"4":{"start":{"line":3,"column":0},"end":{"line":3,"column":13}},"5":{"start":{"line":17,"column":4},"end":{"line":17,"column":24}},"6":{"start":{"line":15,"column":0},"end":{"line":15,"column":13}},"7":{"start":{"line":23,"column":4},"end":{"line":23,"column":24}},"8":{"start":{"line":21,"column":0},"end":{"line":21,"column":13}},"9":{"start":{"line":29,"column":4},"end":{"line":29,"column":24}},"10":{"start":{"line":27,"column":0},"end":{"line":27,"column":13}},"11":{"start":{"line":35,"column":4},"end":{"line":35,"column":24}},"12":{"start":{"line":33,"column":0},"end":{"line":33,"column":13}},"13":{"start":{"line":41,"column":4},"end":{"line":41,"column":24}},"14":{"start":{"line":39,"column":0},"end":{"line":39,"column":13}},"15":{"start":{"line":47,"column":4},"end":{"line":47,"column":24}},"16":{"start":{"line":45,"column":0},"end":{"line":45,"column":13}},"17":{"start":{"line":51,"column":28},"end":{"line":92,"column":1}},"18":{"start":{"line":52,"column":2},"end":{"line":54,"column":3}},"19":{"start":{"line":53,"column":4},"end":{"line":53,"column":33}},"20":{"start":{"line":56,"column":2},"end":{"line":62,"column":3}},"21":{"start":{"line":57,"column":4},"end":{"line":61,"column":7}},"22":{"start":{"line":65,"column":2},"end":{"line":70,"column":3}},"23":{"start":{"line":66,"column":4},"end":{"line":69,"column":7}},"24":{"start":{"line":72,"column":2},"end":{"line":77,"column":3}},"25":{"start":{"line":73,"column":4},"end":{"line":76,"column":7}},"26":{"start":{"line":79,"column":2},"end":{"line":84,"column":3}},"27":{"start":{"line":80,"column":4},"end":{"line":83,"column":7}},"28":{"start":{"line":86,"column":2},"end":{"line":91,"column":5}},"29":{"start":{"line":51,"column":13},"end":{"line":51,"column":28}},"30":{"start":{"line":94,"column":24},"end":{"line":96,"column":1}},"31":{"start":{"line":95,"column":2},"end":{"line":95,"column":67}},"32":{"start":{"line":94,"column":13},"end":{"line":94,"column":24}}},"fnMap":{"0":{"name":"(anonymous_0)","decl":{"start":{"line":7,"column":2},"end":{"line":7,"column":14}},"loc":{"start":{"line":7,"column":69},"end":{"line":12,"column":3}}},"1":{"name":"(anonymous_1)","decl":{"start":{"line":16,"column":2},"end":{"line":16,"column":14}},"loc":{"start":{"line":16,"column":47},"end":{"line":18,"column":3}}},"2":{"name":"(anonymous_2)","decl":{"start":{"line":22,"column":2},"end":{"line":22,"column":14}},"loc":{"start":{"line":22,"column":39},"end":{"line":24,"column":3}}},"3":{"name":"(anonymous_3)","decl":{"start":{"line":28,"column":2},"end":{"line":28,"column":14}},"loc":{"start":{"line":28,"column":35},"end":{"line":30,"column":3}}},"4":{"name":"(anonymous_4)","decl":{"start":{"line":34,"column":2},"end":{"line":34,"column":14}},"loc":{"start":{"line":34,"column":46},"end":{"line":36,"column":3}}},"5":{"name":"(anonymous_5)","decl":{"start":{"line":40,"column":2},"end":{"line":40,"column":14}},"loc":{"start":{"line":40,"column":46},"end":{"line":42,"column":3}}},"6":{"name":"(anonymous_6)","decl":{"start":{"line":46,"column":2},"end":{"line":46,"column":14}},"loc":{"start":{"line":46,"column":45},"end":{"line":48,"column":3}}},"7":{"name":"(anonymous_7)","decl":{"start":{"line":51,"column":28},"end":{"line":51,"column":29}},"loc":{"start":{"line":51,"column":93},"end":{"line":92,"column":1}}},"8":{"name":"(anonymous_8)","decl":{"start":{"line":94,"column":24},"end":{"line":94,"column":25}},"loc":{"start":{"line":94,"column":82},"end":{"line":96,"column":1}}}},"branchMap":{"0":{"loc":{"start":{"line":7,"column":31},"end":{"line":7,"column":47}},"type":"default-arg","locations":[{"start":{"line":7,"column":44},"end":{"line":7,"column":47}}]},"1":{"loc":{"start":{"line":7,"column":49},"end":{"line":7,"column":69}},"type":"default-arg","locations":[{"start":{"line":7,"column":65},"end":{"line":7,"column":69}}]},"2":{"loc":{"start":{"line":16,"column":14},"end":{"line":16,"column":47}},"type":"default-arg","locations":[{"start":{"line":16,"column":24},"end":{"line":16,"column":47}}]},"3":{"loc":{"start":{"line":22,"column":14},"end":{"line":22,"column":39}},"type":"default-arg","locations":[{"start":{"line":22,"column":24},"end":{"line":22,"column":39}}]},"4":{"loc":{"start":{"line":28,"column":14},"end":{"line":28,"column":35}},"type":"default-arg","locations":[{"start":{"line":28,"column":24},"end":{"line":28,"column":35}}]},"5":{"loc":{"start":{"line":34,"column":14},"end":{"line":34,"column":46}},"type":"default-arg","locations":[{"start":{"line":34,"column":24},"end":{"line":34,"column":46}}]},"6":{"loc":{"start":{"line":40,"column":14},"end":{"line":40,"column":46}},"type":"default-arg","locations":[{"start":{"line":40,"column":24},"end":{"line":40,"column":46}}]},"7":{"loc":{"start":{"line":46,"column":14},"end":{"line":46,"column":45}},"type":"default-arg","locations":[{"start":{"line":46,"column":24},"end":{"line":46,"column":45}}]},"8":{"loc":{"start":{"line":52,"column":2},"end":{"line":54,"column":3}},"type":"if","locations":[{"start":{"line":52,"column":2},"end":{"line":54,"column":3}},{"start":{},"end":{}}]},"9":{"loc":{"start":{"line":56,"column":2},"end":{"line":62,"column":3}},"type":"if","locations":[{"start":{"line":56,"column":2},"end":{"line":62,"column":3}},{"start":{},"end":{}}]},"10":{"loc":{"start":{"line":60,"column":10},"end":{"line":60,"column":72}},"type":"binary-expr","locations":[{"start":{"line":60,"column":10},"end":{"line":60,"column":48}},{"start":{"line":60,"column":52},"end":{"line":60,"column":72}}]},"11":{"loc":{"start":{"line":65,"column":2},"end":{"line":70,"column":3}},"type":"if","locations":[{"start":{"line":65,"column":2},"end":{"line":70,"column":3}},{"start":{},"end":{}}]},"12":{"loc":{"start":{"line":65,"column":6},"end":{"line":65,"column":62}},"type":"binary-expr","locations":[{"start":{"line":65,"column":6},"end":{"line":65,"column":31}},{"start":{"line":65,"column":36},"end":{"line":65,"column":62}}]},"13":{"loc":{"start":{"line":72,"column":2},"end":{"line":77,"column":3}},"type":"if","locations":[{"start":{"line":72,"column":2},"end":{"line":77,"column":3}},{"start":{},"end":{}}]},"14":{"loc":{"start":{"line":79,"column":2},"end":{"line":84,"column":3}},"type":"if","locations":[{"start":{"line":79,"column":2},"end":{"line":84,"column":3}},{"start":{},"end":{}}]},"15":{"loc":{"start":{"line":88,"column":13},"end":{"line":90,"column":19}},"type":"cond-expr","locations":[{"start":{"line":89,"column":8},"end":{"line":89,"column":36}},{"start":{"line":90,"column":8},"end":{"line":90,"column":19}}]}},"s":{"0":98,"1":98,"2":98,"3":98,"4":15,"5":27,"6":15,"7":19,"8":15,"9":8,"10":15,"11":11,"12":15,"13":23,"14":15,"15":5,"16":15,"17":15,"18":17,"19":3,"20":17,"21":8,"22":9,"23":1,"24":8,"25":1,"26":7,"27":1,"28":6,"29":15,"30":15,"31":5,"32":15},"f":{"0":98,"1":27,"2":19,"3":8,"4":11,"5":23,"6":5,"7":17,"8":5},"b":{"0":[2],"1":[97],"2":[2],"3":[2],"4":[2],"5":[2],"6":[2],"7":[2],"8":[3,14],"9":[8,9],"10":[8,1],"11":[1,8],"12":[9,1],"13":[1,7],"14":[1,6],"15":[3,3]}}
,"C:\\Users\\Juan David Acevedo G\\OneDrive\\Documentos\\CompunetIII\\proyecto-node-express\\src\\middleware\\validation.ts": {"path":"C:\\Users\\Juan David Acevedo G\\OneDrive\\Documentos\\CompunetIII\\proyecto-node-express\\src\\middleware\\validation.ts","statementMap":{"0":{"start":{"line":1,"column":0},"end":{"line":1,"column":59}},"1":{"start":{"line":4,"column":13},"end":{"line":22,"column":2}},"2":{"start":{"line":24,"column":13},"end":{"line":32,"column":2}},"3":{"start":{"line":34,"column":13},"end":{"line":58,"column":2}},"4":{"start":{"line":60,"column":38},"end":{"line":77,"column":1}},"5":{"start":{"line":65,"column":17},"end":{"line":65,"column":38}},"6":{"start":{"line":67,"column":2},"end":{"line":74,"column":3}},"7":{"start":{"line":68,"column":4},"end":{"line":72,"column":7}},"8":{"start":{"line":73,"column":4},"end":{"line":73,"column":11}},"9":{"start":{"line":76,"column":2},"end":{"line":76,"column":9}},"10":{"start":{"line":60,"column":13},"end":{"line":60,"column":38}},"11":{"start":{"line":80,"column":13},"end":{"line":80,"column":54}}},"fnMap":{"0":{"name":"(anonymous_0)","decl":{"start":{"line":60,"column":38},"end":{"line":60,"column":null}},"loc":{"start":{"line":64,"column":10},"end":{"line":77,"column":1}}}},"branchMap":{"0":{"loc":{"start":{"line":67,"column":2},"end":{"line":74,"column":3}},"type":"if","locations":[{"start":{"line":67,"column":2},"end":{"line":74,"column":3}},{"start":{},"end":{}}]}},"s":{"0":1,"1":1,"2":1,"3":1,"4":1,"5":11,"6":11,"7":7,"8":7,"9":4,"10":1,"11":1},"f":{"0":11},"b":{"0":[7,4]}}
,"C:\\Users\\Juan David Acevedo G\\OneDrive\\Documentos\\CompunetIII\\proyecto-node-express\\src\\models\\User.ts": {"path":"C:\\Users\\Juan David Acevedo G\\OneDrive\\Documentos\\CompunetIII\\proyecto-node-express\\src\\models\\User.ts","statementMap":{"0":{"start":{"line":1,"column":0},"end":{"line":1,"column":54}},"1":{"start":{"line":2,"column":0},"end":{"line":2,"column":30}},"2":{"start":{"line":18,"column":19},"end":{"line":71,"column":2}},"3":{"start":{"line":67,"column":51},"end":{"line":67,"column":54}},"4":{"start":{"line":68,"column":6},"end":{"line":68,"column":33}},"5":{"start":{"line":74,"column":0},"end":{"line":80,"column":3}},"6":{"start":{"line":75,"column":2},"end":{"line":75,"column":50}},"7":{"start":{"line":75,"column":36},"end":{"line":75,"column":50}},"8":{"start":{"line":77,"column":21},"end":{"line":77,"column":69}},"9":{"start":{"line":78,"column":2},"end":{"line":78,"column":63}},"10":{"start":{"line":79,"column":2},"end":{"line":79,"column":9}},"11":{"start":{"line":83,"column":0},"end":{"line":85,"column":2}},"12":{"start":{"line":84,"column":2},"end":{"line":84,"column":58}},"13":{"start":{"line":88,"column":0},"end":{"line":88,"column":30}},"14":{"start":{"line":89,"column":0},"end":{"line":89,"column":34}},"15":{"start":{"line":91,"column":0},"end":{"line":91,"column":65}}},"fnMap":{"0":{"name":"(anonymous_10)","decl":{"start":{"line":66,"column":15},"end":{"line":66,"column":24}},"loc":{"start":{"line":66,"column":32},"end":{"line":69,"column":5}}},"1":{"name":"(anonymous_11)","decl":{"start":{"line":74,"column":23},"end":{"line":74,"column":28}},"loc":{"start":{"line":74,"column":42},"end":{"line":80,"column":1}}},"2":{"name":"(anonymous_12)","decl":{"start":{"line":83,"column":37},"end":{"line":83,"column":42}},"loc":{"start":{"line":83,"column":77},"end":{"line":85,"column":1}}}},"branchMap":{"0":{"loc":{"start":{"line":75,"column":2},"end":{"line":75,"column":50}},"type":"if","locations":[{"start":{"line":75,"column":2},"end":{"line":75,"column":50}},{"start":{},"end":{}}]},"1":{"loc":{"start":{"line":77,"column":30},"end":{"line":77,"column":68}},"type":"binary-expr","locations":[{"start":{"line":77,"column":30},"end":{"line":77,"column":60}},{"start":{"line":77,"column":64},"end":{"line":77,"column":68}}]}},"s":{"0":8,"1":8,"2":8,"3":0,"4":0,"5":8,"6":0,"7":0,"8":0,"9":0,"10":0,"11":8,"12":0,"13":8,"14":8,"15":8},"f":{"0":0,"1":0,"2":0},"b":{"0":[0,0],"1":[0,0]}}
,"C:\\Users\\Juan David Acevedo G\\OneDrive\\Documentos\\CompunetIII\\proyecto-node-express\\src\\models\\project.model.ts": {"path":"C:\\Users\\Juan David Acevedo G\\OneDrive\\Documentos\\CompunetIII\\proyecto-node-express\\src\\models\\project.model.ts","statementMap":{"0":{"start":{"line":1,"column":0},"end":{"line":1,"column":51}},"1":{"start":{"line":6,"column":22},"end":{"line":37,"column":2}},"2":{"start":{"line":39,"column":0},"end":{"line":39,"column":34}},"3":{"start":{"line":40,"column":0},"end":{"line":40,"column":35}},"4":{"start":{"line":41,"column":0},"end":{"line":41,"column":38}},"5":{"start":{"line":43,"column":0},"end":{"line":48,"column":3}},"6":{"start":{"line":44,"column":4},"end":{"line":46,"column":5}},"7":{"start":{"line":45,"column":8},"end":{"line":45,"column":87}},"8":{"start":{"line":47,"column":4},"end":{"line":47,"column":11}},"9":{"start":{"line":50,"column":13},"end":{"line":50,"column":77}}},"fnMap":{"0":{"name":"(anonymous_0)","decl":{"start":{"line":43,"column":26},"end":{"line":43,"column":35}},"loc":{"start":{"line":43,"column":39},"end":{"line":48,"column":1}}}},"branchMap":{"0":{"loc":{"start":{"line":44,"column":4},"end":{"line":46,"column":5}},"type":"if","locations":[{"start":{"line":44,"column":4},"end":{"line":46,"column":5}},{"start":{},"end":{}}]},"1":{"loc":{"start":{"line":44,"column":8},"end":{"line":44,"column":53}},"type":"binary-expr","locations":[{"start":{"line":44,"column":8},"end":{"line":44,"column":20}},{"start":{"line":44,"column":24},"end":{"line":44,"column":53}}]}},"s":{"0":8,"1":8,"2":8,"3":8,"4":8,"5":8,"6":0,"7":0,"8":0,"9":8},"f":{"0":0},"b":{"0":[0,0],"1":[0,0]}}
,"C:\\Users\\Juan David Acevedo G\\OneDrive\\Documentos\\CompunetIII\\proyecto-node-express\\src\\models\\task.model.ts": {"path":"C:\\Users\\Juan David Acevedo G\\OneDrive\\Documentos\\CompunetIII\\proyecto-node-express\\src\\models\\task.model.ts","statementMap":{"0":{"start":{"line":1,"column":0},"end":{"line":1,"column":51}},"1":{"start":{"line":7,"column":19},"end":{"line":45,"column":2}},"2":{"start":{"line":48,"column":0},"end":{"line":48,"column":33}},"3":{"start":{"line":49,"column":0},"end":{"line":49,"column":32}},"4":{"start":{"line":50,"column":0},"end":{"line":50,"column":34}},"5":{"start":{"line":51,"column":0},"end":{"line":51,"column":34}},"6":{"start":{"line":53,"column":13},"end":{"line":53,"column":65}}},"fnMap":{},"branchMap":{},"s":{"0":8,"1":8,"2":8,"3":8,"4":8,"5":8,"6":8},"f":{},"b":{}}
,"C:\\Users\\Juan David Acevedo G\\OneDrive\\Documentos\\CompunetIII\\proyecto-node-express\\src\\routes\\auth.routes.ts": {"path":"C:\\Users\\Juan David Acevedo G\\OneDrive\\Documentos\\CompunetIII\\proyecto-node-express\\src\\routes\\auth.routes.ts","statementMap":{"0":{"start":{"line":1,"column":0},"end":{"line":1,"column":33}},"1":{"start":{"line":2,"column":0},"end":{"line":2,"column":64}},"2":{"start":{"line":3,"column":0},"end":{"line":3,"column":41}},"3":{"start":{"line":4,"column":0},"end":{"line":4,"column":59}},"4":{"start":{"line":6,"column":15},"end":{"line":6,"column":23}},"5":{"start":{"line":9,"column":24},"end":{"line":18,"column":2}},"6":{"start":{"line":21,"column":27},"end":{"line":40,"column":2}},"7":{"start":{"line":43,"column":0},"end":{"line":43,"column":61}},"8":{"start":{"line":44,"column":0},"end":{"line":44,"column":70}},"9":{"start":{"line":45,"column":0},"end":{"line":45,"column":57}},"10":{"start":{"line":47,"column":0},"end":{"line":47,"column":22}}},"fnMap":{},"branchMap":{},"s":{"0":0,"1":0,"2":0,"3":0,"4":0,"5":0,"6":0,"7":0,"8":0,"9":0,"10":0},"f":{},"b":{}}
,"C:\\Users\\Juan David Acevedo G\\OneDrive\\Documentos\\CompunetIII\\proyecto-node-express\\src\\routes\\project.routes.ts": {"path":"C:\\Users\\Juan David Acevedo G\\OneDrive\\Documentos\\CompunetIII\\proyecto-node-express\\src\\routes\\project.routes.ts","statementMap":{"0":{"start":{"line":2,"column":0},"end":{"line":2,"column":33}},"1":{"start":{"line":3,"column":0},"end":{"line":3,"column":51}},"2":{"start":{"line":4,"column":0},"end":{"line":4,"column":56}},"3":{"start":{"line":6,"column":15},"end":{"line":6,"column":23}},"4":{"start":{"line":8,"column":0},"end":{"line":8,"column":25}},"5":{"start":{"line":10,"column":0},"end":{"line":10,"column":43}},"6":{"start":{"line":11,"column":0},"end":{"line":11,"column":42}},"7":{"start":{"line":12,"column":0},"end":{"line":12,"column":60}},"8":{"start":{"line":13,"column":0},"end":{"line":13,"column":49}},"9":{"start":{"line":14,"column":0},"end":{"line":14,"column":46}},"10":{"start":{"line":15,"column":0},"end":{"line":15,"column":45}},"11":{"start":{"line":16,"column":0},"end":{"line":16,"column":48}},"12":{"start":{"line":18,"column":0},"end":{"line":18,"column":22}}},"fnMap":{},"branchMap":{},"s":{"0":0,"1":0,"2":0,"3":0,"4":0,"5":0,"6":0,"7":0,"8":0,"9":0,"10":0,"11":0,"12":0},"f":{},"b":{}}
,"C:\\Users\\Juan David Acevedo G\\OneDrive\\Documentos\\CompunetIII\\proyecto-node-express\\src\\routes\\task.routes.ts": {"path":"C:\\Users\\Juan David Acevedo G\\OneDrive\\Documentos\\CompunetIII\\proyecto-node-express\\src\\routes\\task.routes.ts","statementMap":{"0":{"start":{"line":1,"column":0},"end":{"line":1,"column":33}},"1":{"start":{"line":2,"column":0},"end":{"line":2,"column":48}},"2":{"start":{"line":3,"column":0},"end":{"line":3,"column":56}},"3":{"start":{"line":5,"column":15},"end":{"line":5,"column":23}},"4":{"start":{"line":7,"column":0},"end":{"line":7,"column":25}},"5":{"start":{"line":9,"column":0},"end":{"line":9,"column":40}},"6":{"start":{"line":10,"column":0},"end":{"line":10,"column":39}},"7":{"start":{"line":11,"column":0},"end":{"line":11,"column":63}},"8":{"start":{"line":12,"column":0},"end":{"line":12,"column":43}},"9":{"start":{"line":13,"column":0},"end":{"line":13,"column":42}},"10":{"start":{"line":14,"column":0},"end":{"line":14,"column":45}},"11":{"start":{"line":16,"column":0},"end":{"line":16,"column":22}}},"fnMap":{},"branchMap":{},"s":{"0":0,"1":0,"2":0,"3":0,"4":0,"5":0,"6":0,"7":0,"8":0,"9":0,"10":0,"11":0},"f":{},"b":{}}
,"C:\\Users\\Juan David Acevedo G\\OneDrive\\Documentos\\CompunetIII\\proyecto-node-express\\src\\routes\\users.ts": {"path":"C:\\Users\\Juan David Acevedo G\\OneDrive\\Documentos\\CompunetIII\\proyecto-node-express\\src\\routes\\users.ts","statementMap":{"0":{"start":{"line":1,"column":0},"end":{"line":1,"column":33}},"1":{"start":{"line":2,"column":0},"end":{"line":2,"column":48}},"2":{"start":{"line":3,"column":0},"end":{"line":3,"column":null}},"3":{"start":{"line":12,"column":15},"end":{"line":12,"column":23}},"4":{"start":{"line":15,"column":0},"end":{"line":19,"column":2}},"5":{"start":{"line":21,"column":0},"end":{"line":25,"column":2}},"6":{"start":{"line":28,"column":0},"end":{"line":28,"column":25}},"7":{"start":{"line":31,"column":0},"end":{"line":31,"column":50}},"8":{"start":{"line":34,"column":0},"end":{"line":37,"column":2}},"9":{"start":{"line":39,"column":0},"end":{"line":44,"column":2}},"10":{"start":{"line":46,"column":0},"end":{"line":49,"column":2}},"11":{"start":{"line":51,"column":0},"end":{"line":56,"column":2}},"12":{"start":{"line":58,"column":0},"end":{"line":61,"column":2}},"13":{"start":{"line":63,"column":0},"end":{"line":63,"column":22}}},"fnMap":{},"branchMap":{},"s":{"0":0,"1":0,"2":0,"3":0,"4":0,"5":0,"6":0,"7":0,"8":0,"9":0,"10":0,"11":0,"12":0,"13":0},"f":{},"b":{}}
,"C:\\Users\\Juan David Acevedo G\\OneDrive\\Documentos\\CompunetIII\\proyecto-node-express\\src\\services\\jwt.service.ts": {"path":"C:\\Users\\Juan David Acevedo G\\OneDrive\\Documentos\\CompunetIII\\proyecto-node-express\\src\\services\\jwt.service.ts","statementMap":{"0":{"start":{"line":1,"column":0},"end":{"line":1,"column":30}},"1":{"start":{"line":2,"column":0},"end":{"line":2,"column":31}},"2":{"start":{"line":3,"column":0},"end":{"line":3,"column":35}},"3":{"start":{"line":4,"column":0},"end":{"line":4,"column":33}},"4":{"start":{"line":5,"column":0},"end":{"line":5,"column":null}},"5":{"start":{"line":13,"column":0},"end":{"line":13,"column":71}},"6":{"start":{"line":16,"column":32},"end":{"line":16,"column":34}},"7":{"start":{"line":17,"column":34},"end":{"line":17,"column":38}},"8":{"start":{"line":20,"column":32},"end":{"line":20,"column":41}},"9":{"start":{"line":22,"column":17},"end":{"line":22,"column":89}},"10":{"start":{"line":23,"column":4},"end":{"line":25,"column":5}},"11":{"start":{"line":24,"column":6},"end":{"line":24,"column":60}},"12":{"start":{"line":28,"column":28},"end":{"line":28,"column":73}},"13":{"start":{"line":29,"column":4},"end":{"line":31,"column":5}},"14":{"start":{"line":30,"column":6},"end":{"line":30,"column":60}},"15":{"start":{"line":34,"column":38},"end":{"line":38,"column":6}},"16":{"start":{"line":40,"column":18},"end":{"line":42,"column":6}},"17":{"start":{"line":44,"column":4},"end":{"line":50,"column":6}},"18":{"start":{"line":54,"column":53},"end":{"line":54,"column":65}},"19":{"start":{"line":57,"column":25},"end":{"line":57,"column":77}},"20":{"start":{"line":58,"column":4},"end":{"line":60,"column":5}},"21":{"start":{"line":59,"column":6},"end":{"line":59,"column":61}},"22":{"start":{"line":63,"column":27},"end":{"line":63,"column":71}},"23":{"start":{"line":66,"column":17},"end":{"line":73,"column":6}},"24":{"start":{"line":74,"column":22},"end":{"line":74,"column":39}},"25":{"start":{"line":75,"column":20},"end":{"line":75,"column":40}},"26":{"start":{"line":77,"column":4},"end":{"line":82,"column":6}},"27":{"start":{"line":86,"column":4},"end":{"line":104,"column":5}},"28":{"start":{"line":87,"column":22},"end":{"line":87,"column":77}},"29":{"start":{"line":90,"column":19},"end":{"line":90,"column":61}},"30":{"start":{"line":91,"column":6},"end":{"line":93,"column":7}},"31":{"start":{"line":92,"column":8},"end":{"line":92,"column":61}},"32":{"start":{"line":95,"column":6},"end":{"line":95,"column":21}},"33":{"start":{"line":97,"column":6},"end":{"line":99,"column":7}},"34":{"start":{"line":98,"column":8},"end":{"line":98,"column":54}},"35":{"start":{"line":100,"column":6},"end":{"line":102,"column":7}},"36":{"start":{"line":101,"column":8},"end":{"line":101,"column":54}},"37":{"start":{"line":103,"column":6},"end":{"line":103,"column":18}},"38":{"start":{"line":109,"column":41},"end":{"line":113,"column":6}},"39":{"start":{"line":115,"column":4},"end":{"line":117,"column":7}},"40":{"start":{"line":121,"column":13},"end":{"line":121,"column":45}},"41":{"start":{"line":124,"column":13},"end":{"line":131,"column":2}},"42":{"start":{"line":126,"column":4},"end":{"line":126,"column":46}},"43":{"start":{"line":129,"column":4},"end":{"line":129,"column":42}}},"fnMap":{"0":{"name":"(anonymous_1)","decl":{"start":{"line":19,"column":2},"end":{"line":19,"column":7}},"loc":{"start":{"line":19,"column":39},"end":{"line":51,"column":3}}},"1":{"name":"(anonymous_2)","decl":{"start":{"line":53,"column":2},"end":{"line":53,"column":7}},"loc":{"start":{"line":53,"column":46},"end":{"line":83,"column":3}}},"2":{"name":"(anonymous_3)","decl":{"start":{"line":85,"column":2},"end":{"line":85,"column":7}},"loc":{"start":{"line":85,"column":33},"end":{"line":105,"column":3}}},"3":{"name":"(anonymous_4)","decl":{"start":{"line":108,"column":2},"end":{"line":108,"column":15}},"loc":{"start":{"line":108,"column":72},"end":{"line":118,"column":3}}},"4":{"name":"(anonymous_5)","decl":{"start":{"line":125,"column":17},"end":{"line":125,"column":18}},"loc":{"start":{"line":125,"column":78},"end":{"line":127,"column":3}}},"5":{"name":"(anonymous_6)","decl":{"start":{"line":128,"column":15},"end":{"line":128,"column":16}},"loc":{"start":{"line":128,"column":33},"end":{"line":130,"column":3}}}},"branchMap":{"0":{"loc":{"start":{"line":23,"column":4},"end":{"line":25,"column":5}},"type":"if","locations":[{"start":{"line":23,"column":4},"end":{"line":25,"column":5}},{"start":{},"end":{}}]},"1":{"loc":{"start":{"line":29,"column":4},"end":{"line":31,"column":5}},"type":"if","locations":[{"start":{"line":29,"column":4},"end":{"line":31,"column":5}},{"start":{},"end":{}}]},"2":{"loc":{"start":{"line":35,"column":14},"end":{"line":35,"column":46}},"type":"cond-expr","locations":[{"start":{"line":35,"column":25},"end":{"line":35,"column":41}},{"start":{"line":35,"column":44},"end":{"line":35,"column":46}}]},"3":{"loc":{"start":{"line":45,"column":10},"end":{"line":45,"column":42}},"type":"cond-expr","locations":[{"start":{"line":45,"column":21},"end":{"line":45,"column":37}},{"start":{"line":45,"column":40},"end":{"line":45,"column":42}}]},"4":{"loc":{"start":{"line":46,"column":16},"end":{"line":46,"column":69}},"type":"binary-expr","locations":[{"start":{"line":46,"column":16},"end":{"line":46,"column":29}},{"start":{"line":46,"column":33},"end":{"line":46,"column":69}}]},"5":{"loc":{"start":{"line":58,"column":4},"end":{"line":60,"column":5}},"type":"if","locations":[{"start":{"line":58,"column":4},"end":{"line":60,"column":5}},{"start":{},"end":{}}]},"6":{"loc":{"start":{"line":78,"column":10},"end":{"line":78,"column":48}},"type":"cond-expr","locations":[{"start":{"line":78,"column":24},"end":{"line":78,"column":43}},{"start":{"line":78,"column":46},"end":{"line":78,"column":48}}]},"7":{"loc":{"start":{"line":79,"column":16},"end":{"line":79,"column":78}},"type":"binary-expr","locations":[{"start":{"line":79,"column":16},"end":{"line":79,"column":32}},{"start":{"line":79,"column":36},"end":{"line":79,"column":78}}]},"8":{"loc":{"start":{"line":91,"column":6},"end":{"line":93,"column":7}},"type":"if","locations":[{"start":{"line":91,"column":6},"end":{"line":93,"column":7}},{"start":{},"end":{}}]},"9":{"loc":{"start":{"line":97,"column":6},"end":{"line":99,"column":7}},"type":"if","locations":[{"start":{"line":97,"column":6},"end":{"line":99,"column":7}},{"start":{},"end":{}}]},"10":{"loc":{"start":{"line":100,"column":6},"end":{"line":102,"column":7}},"type":"if","locations":[{"start":{"line":100,"column":6},"end":{"line":102,"column":7}},{"start":{},"end":{}}]}},"s":{"0":7,"1":7,"2":7,"3":7,"4":7,"5":7,"6":7,"7":7,"8":6,"9":6,"10":6,"11":1,"12":5,"13":5,"14":1,"15":4,"16":4,"17":4,"18":4,"19":4,"20":4,"21":1,"22":3,"23":3,"24":3,"25":3,"26":3,"27":7,"28":7,"29":4,"30":4,"31":1,"32":3,"33":4,"34":1,"35":3,"36":1,"37":2,"38":3,"39":3,"40":7,"41":7,"42":1,"43":1},"f":{"0":6,"1":4,"2":7,"3":3,"4":1,"5":1},"b":{"0":[1,5],"1":[1,4],"2":[4,0],"3":[4,0],"4":[4,1],"5":[1,3],"6":[3,0],"7":[3,1],"8":[1,3],"9":[1,3],"10":[1,2]}}
,"C:\\Users\\Juan David Acevedo G\\OneDrive\\Documentos\\CompunetIII\\proyecto-node-express\\src\\services\\project.services.ts": {"path":"C:\\Users\\Juan David Acevedo G\\OneDrive\\Documentos\\CompunetIII\\proyecto-node-express\\src\\services\\project.services.ts","statementMap":{"0":{"start":{"line":1,"column":0},"end":{"line":1,"column":42}},"1":{"start":{"line":2,"column":0},"end":{"line":2,"column":100}},"2":{"start":{"line":7,"column":61},"end":{"line":7,"column":72}},"3":{"start":{"line":9,"column":23},"end":{"line":9,"column":49}},"4":{"start":{"line":10,"column":4},"end":{"line":12,"column":5}},"5":{"start":{"line":11,"column":6},"end":{"line":11,"column":55}},"6":{"start":{"line":14,"column":4},"end":{"line":16,"column":5}},"7":{"start":{"line":15,"column":6},"end":{"line":15,"column":95}},"8":{"start":{"line":18,"column":4},"end":{"line":37,"column":5}},"9":{"start":{"line":19,"column":22},"end":{"line":26,"column":8}},"10":{"start":{"line":28,"column":2},"end":{"line":28,"column":23}},"11":{"start":{"line":29,"column":2},"end":{"line":29,"column":62}},"12":{"start":{"line":30,"column":23},"end":{"line":30,"column":41}},"13":{"start":{"line":31,"column":2},"end":{"line":31,"column":72}},"14":{"start":{"line":33,"column":6},"end":{"line":35,"column":7}},"15":{"start":{"line":34,"column":8},"end":{"line":34,"column":72}},"16":{"start":{"line":36,"column":6},"end":{"line":36,"column":18}},"17":{"start":{"line":41,"column":17},"end":{"line":41,"column":35}},"18":{"start":{"line":43,"column":30},"end":{"line":50,"column":6}},"19":{"start":{"line":52,"column":4},"end":{"line":61,"column":6}},"20":{"start":{"line":65,"column":20},"end":{"line":66,"column":52}},"21":{"start":{"line":68,"column":4},"end":{"line":70,"column":5}},"22":{"start":{"line":69,"column":6},"end":{"line":69,"column":56}},"23":{"start":{"line":72,"column":25},"end":{"line":72,"column":43}},"24":{"start":{"line":73,"column":4},"end":{"line":73,"column":74}},"25":{"start":{"line":78,"column":4},"end":{"line":84,"column":5}},"26":{"start":{"line":79,"column":20},"end":{"line":79,"column":47}},"27":{"start":{"line":80,"column":18},"end":{"line":80,"column":43}},"28":{"start":{"line":81,"column":6},"end":{"line":83,"column":7}},"29":{"start":{"line":82,"column":8},"end":{"line":82,"column":97}},"30":{"start":{"line":86,"column":4},"end":{"line":86,"column":75}},"31":{"start":{"line":86,"column":27},"end":{"line":86,"column":75}},"32":{"start":{"line":87,"column":4},"end":{"line":87,"column":69}},"33":{"start":{"line":87,"column":25},"end":{"line":87,"column":69}},"34":{"start":{"line":89,"column":20},"end":{"line":93,"column":51}},"35":{"start":{"line":95,"column":4},"end":{"line":97,"column":5}},"36":{"start":{"line":96,"column":6},"end":{"line":96,"column":56}},"37":{"start":{"line":99,"column":25},"end":{"line":99,"column":43}},"38":{"start":{"line":100,"column":4},"end":{"line":100,"column":74}},"39":{"start":{"line":104,"column":20},"end":{"line":104,"column":55}},"40":{"start":{"line":106,"column":4},"end":{"line":108,"column":5}},"41":{"start":{"line":107,"column":6},"end":{"line":107,"column":56}},"42":{"start":{"line":112,"column":4},"end":{"line":112,"column":47}},"43":{"start":{"line":112,"column":35},"end":{"line":112,"column":47}},"44":{"start":{"line":114,"column":20},"end":{"line":114,"column":53}},"45":{"start":{"line":115,"column":4},"end":{"line":117,"column":5}},"46":{"start":{"line":116,"column":6},"end":{"line":116,"column":56}},"47":{"start":{"line":119,"column":4},"end":{"line":121,"column":5}},"48":{"start":{"line":120,"column":6},"end":{"line":120,"column":82}},"49":{"start":{"line":123,"column":4},"end":{"line":123,"column":16}},"50":{"start":{"line":127,"column":24},"end":{"line":127,"column":26}},"51":{"start":{"line":129,"column":4},"end":{"line":131,"column":5}},"52":{"start":{"line":130,"column":6},"end":{"line":130,"column":28}},"53":{"start":{"line":133,"column":18},"end":{"line":141,"column":6}},"54":{"start":{"line":143,"column":26},"end":{"line":143,"column":62}},"55":{"start":{"line":145,"column":4},"end":{"line":148,"column":6}},"56":{"start":{"line":5,"column":0},"end":{"line":5,"column":13}}},"fnMap":{"0":{"name":"(anonymous_0)","decl":{"start":{"line":6,"column":2},"end":{"line":6,"column":8}},"loc":{"start":{"line":6,"column":82},"end":{"line":38,"column":3}}},"1":{"name":"(anonymous_1)","decl":{"start":{"line":40,"column":2},"end":{"line":40,"column":8}},"loc":{"start":{"line":40,"column":67},"end":{"line":62,"column":3}}},"2":{"name":"(anonymous_2)","decl":{"start":{"line":64,"column":2},"end":{"line":64,"column":8}},"loc":{"start":{"line":64,"column":40},"end":{"line":74,"column":3}}},"3":{"name":"(anonymous_3)","decl":{"start":{"line":76,"column":2},"end":{"line":76,"column":8}},"loc":{"start":{"line":76,"column":70},"end":{"line":101,"column":3}}},"4":{"name":"(anonymous_4)","decl":{"start":{"line":103,"column":2},"end":{"line":103,"column":8}},"loc":{"start":{"line":103,"column":39},"end":{"line":109,"column":3}}},"5":{"name":"(anonymous_5)","decl":{"start":{"line":111,"column":2},"end":{"line":111,"column":8}},"loc":{"start":{"line":111,"column":89},"end":{"line":124,"column":3}}},"6":{"name":"(anonymous_6)","decl":{"start":{"line":126,"column":2},"end":{"line":126,"column":8}},"loc":{"start":{"line":126,"column":63},"end":{"line":149,"column":3}}}},"branchMap":{"0":{"loc":{"start":{"line":10,"column":4},"end":{"line":12,"column":5}},"type":"if","locations":[{"start":{"line":10,"column":4},"end":{"line":12,"column":5}},{"start":{},"end":{}}]},"1":{"loc":{"start":{"line":14,"column":4},"end":{"line":16,"column":5}},"type":"if","locations":[{"start":{"line":14,"column":4},"end":{"line":16,"column":5}},{"start":{},"end":{}}]},"2":{"loc":{"start":{"line":14,"column":8},"end":{"line":14,"column":58}},"type":"binary-expr","locations":[{"start":{"line":14,"column":8},"end":{"line":14,"column":15}},{"start":{"line":14,"column":19},"end":{"line":14,"column":58}}]},"3":{"loc":{"start":{"line":24,"column":17},"end":{"line":24,"column":56}},"type":"cond-expr","locations":[{"start":{"line":24,"column":27},"end":{"line":24,"column":44}},{"start":{"line":24,"column":47},"end":{"line":24,"column":56}}]},"4":{"loc":{"start":{"line":33,"column":6},"end":{"line":35,"column":7}},"type":"if","locations":[{"start":{"line":33,"column":6},"end":{"line":35,"column":7}},{"start":{},"end":{}}]},"5":{"loc":{"start":{"line":68,"column":4},"end":{"line":70,"column":5}},"type":"if","locations":[{"start":{"line":68,"column":4},"end":{"line":70,"column":5}},{"start":{},"end":{}}]},"6":{"loc":{"start":{"line":78,"column":4},"end":{"line":84,"column":5}},"type":"if","locations":[{"start":{"line":78,"column":4},"end":{"line":84,"column":5}},{"start":{},"end":{}}]},"7":{"loc":{"start":{"line":78,"column":8},"end":{"line":78,"column":44}},"type":"binary-expr","locations":[{"start":{"line":78,"column":8},"end":{"line":78,"column":25}},{"start":{"line":78,"column":29},"end":{"line":78,"column":44}}]},"8":{"loc":{"start":{"line":81,"column":6},"end":{"line":83,"column":7}},"type":"if","locations":[{"start":{"line":81,"column":6},"end":{"line":83,"column":7}},{"start":{},"end":{}}]},"9":{"loc":{"start":{"line":86,"column":4},"end":{"line":86,"column":75}},"type":"if","locations":[{"start":{"line":86,"column":4},"end":{"line":86,"column":75}},{"start":{},"end":{}}]},"10":{"loc":{"start":{"line":87,"column":4},"end":{"line":87,"column":69}},"type":"if","locations":[{"start":{"line":87,"column":4},"end":{"line":87,"column":69}},{"start":{},"end":{}}]},"11":{"loc":{"start":{"line":95,"column":4},"end":{"line":97,"column":5}},"type":"if","locations":[{"start":{"line":95,"column":4},"end":{"line":97,"column":5}},{"start":{},"end":{}}]},"12":{"loc":{"start":{"line":106,"column":4},"end":{"line":108,"column":5}},"type":"if","locations":[{"start":{"line":106,"column":4},"end":{"line":108,"column":5}},{"start":{},"end":{}}]},"13":{"loc":{"start":{"line":112,"column":4},"end":{"line":112,"column":47}},"type":"if","locations":[{"start":{"line":112,"column":4},"end":{"line":112,"column":47}},{"start":{},"end":{}}]},"14":{"loc":{"start":{"line":115,"column":4},"end":{"line":117,"column":5}},"type":"if","locations":[{"start":{"line":115,"column":4},"end":{"line":117,"column":5}},{"start":{},"end":{}}]},"15":{"loc":{"start":{"line":119,"column":4},"end":{"line":121,"column":5}},"type":"if","locations":[{"start":{"line":119,"column":4},"end":{"line":121,"column":5}},{"start":{},"end":{}}]},"16":{"loc":{"start":{"line":119,"column":8},"end":{"line":119,"column":61}},"type":"binary-expr","locations":[{"start":{"line":119,"column":8},"end":{"line":119,"column":22}},{"start":{"line":119,"column":26},"end":{"line":119,"column":61}}]},"17":{"loc":{"start":{"line":129,"column":4},"end":{"line":131,"column":5}},"type":"if","locations":[{"start":{"line":129,"column":4},"end":{"line":131,"column":5}},{"start":{},"end":{}}]}},"s":{"0":5,"1":5,"2":5,"3":5,"4":5,"5":1,"6":4,"7":1,"8":3,"9":3,"10":3,"11":2,"12":2,"13":2,"14":1,"15":1,"16":0,"17":2,"18":2,"19":2,"20":2,"21":2,"22":1,"23":1,"24":1,"25":4,"26":2,"27":2,"28":2,"29":1,"30":3,"31":1,"32":3,"33":1,"34":3,"35":3,"36":1,"37":2,"38":2,"39":2,"40":2,"41":1,"42":5,"43":1,"44":4,"45":4,"46":1,"47":3,"48":2,"49":1,"50":2,"51":2,"52":1,"53":2,"54":2,"55":2,"56":5},"f":{"0":5,"1":2,"2":2,"3":4,"4":2,"5":5,"6":2},"b":{"0":[1,4],"1":[1,3],"2":[4,3],"3":[2,1],"4":[1,0],"5":[1,1],"6":[2,2],"7":[4,2],"8":[1,1],"9":[1,2],"10":[1,2],"11":[1,2],"12":[1,1],"13":[1,4],"14":[1,3],"15":[2,1],"16":[3,2],"17":[1,1]}}
,"C:\\Users\\Juan David Acevedo G\\OneDrive\\Documentos\\CompunetIII\\proyecto-node-express\\src\\services\\task.services.ts": {"path":"C:\\Users\\Juan David Acevedo G\\OneDrive\\Documentos\\CompunetIII\\proyecto-node-express\\src\\services\\task.services.ts","statementMap":{"0":{"start":{"line":1,"column":0},"end":{"line":1,"column":48}},"1":{"start":{"line":2,"column":0},"end":{"line":2,"column":52}},"2":{"start":{"line":3,"column":0},"end":{"line":3,"column":100}},"3":{"start":{"line":8,"column":87},"end":{"line":8,"column":95}},"4":{"start":{"line":10,"column":4},"end":{"line":10,"column":90}},"5":{"start":{"line":12,"column":4},"end":{"line":17,"column":5}},"6":{"start":{"line":13,"column":27},"end":{"line":13,"column":58}},"7":{"start":{"line":14,"column":6},"end":{"line":16,"column":7}},"8":{"start":{"line":15,"column":8},"end":{"line":15,"column":66}},"9":{"start":{"line":19,"column":4},"end":{"line":40,"column":5}},"10":{"start":{"line":20,"column":19},"end":{"line":28,"column":8}},"11":{"start":{"line":30,"column":2},"end":{"line":30,"column":20}},"12":{"start":{"line":31,"column":2},"end":{"line":31,"column":53}},"13":{"start":{"line":32,"column":2},"end":{"line":32,"column":64}},"14":{"start":{"line":33,"column":20},"end":{"line":33,"column":35}},"15":{"start":{"line":34,"column":2},"end":{"line":34,"column":66}},"16":{"start":{"line":36,"column":6},"end":{"line":38,"column":7}},"17":{"start":{"line":37,"column":8},"end":{"line":37,"column":85}},"18":{"start":{"line":39,"column":6},"end":{"line":39,"column":18}},"19":{"start":{"line":44,"column":17},"end":{"line":44,"column":35}},"20":{"start":{"line":46,"column":27},"end":{"line":54,"column":6}},"21":{"start":{"line":56,"column":4},"end":{"line":65,"column":6}},"22":{"start":{"line":69,"column":17},"end":{"line":69,"column":40}},"23":{"start":{"line":71,"column":4},"end":{"line":73,"column":5}},"24":{"start":{"line":72,"column":6},"end":{"line":72,"column":53}},"25":{"start":{"line":76,"column":26},"end":{"line":79,"column":6}},"26":{"start":{"line":81,"column":22},"end":{"line":81,"column":46}},"27":{"start":{"line":82,"column":4},"end":{"line":82,"column":68}},"28":{"start":{"line":86,"column":4},"end":{"line":86,"column":72}},"29":{"start":{"line":86,"column":26},"end":{"line":86,"column":72}},"30":{"start":{"line":88,"column":17},"end":{"line":91,"column":null}},"31":{"start":{"line":94,"column":4},"end":{"line":96,"column":5}},"32":{"start":{"line":95,"column":6},"end":{"line":95,"column":53}},"33":{"start":{"line":99,"column":26},"end":{"line":102,"column":6}},"34":{"start":{"line":104,"column":22},"end":{"line":104,"column":46}},"35":{"start":{"line":105,"column":4},"end":{"line":105,"column":68}},"36":{"start":{"line":109,"column":17},"end":{"line":109,"column":49}},"37":{"start":{"line":111,"column":4},"end":{"line":113,"column":5}},"38":{"start":{"line":112,"column":6},"end":{"line":112,"column":53}},"39":{"start":{"line":117,"column":4},"end":{"line":117,"column":47}},"40":{"start":{"line":117,"column":35},"end":{"line":117,"column":47}},"41":{"start":{"line":119,"column":17},"end":{"line":119,"column":64}},"42":{"start":{"line":120,"column":4},"end":{"line":122,"column":5}},"43":{"start":{"line":121,"column":6},"end":{"line":121,"column":53}},"44":{"start":{"line":124,"column":20},"end":{"line":124,"column":39}},"45":{"start":{"line":125,"column":20},"end":{"line":125,"column":55}},"46":{"start":{"line":126,"column":23},"end":{"line":126,"column":61}},"47":{"start":{"line":128,"column":4},"end":{"line":130,"column":5}},"48":{"start":{"line":129,"column":6},"end":{"line":129,"column":79}},"49":{"start":{"line":132,"column":4},"end":{"line":132,"column":16}},"50":{"start":{"line":136,"column":4},"end":{"line":136,"column":77}},"51":{"start":{"line":137,"column":19},"end":{"line":137,"column":41}},"52":{"start":{"line":138,"column":4},"end":{"line":138,"column":46}},"53":{"start":{"line":144,"column":4},"end":{"line":163,"column":5}},"54":{"start":{"line":145,"column":27},"end":{"line":145,"column":78}},"55":{"start":{"line":146,"column":29},"end":{"line":146,"column":69}},"56":{"start":{"line":146,"column":57},"end":{"line":146,"column":68}},"57":{"start":{"line":148,"column":6},"end":{"line":151,"column":8}},"58":{"start":{"line":153,"column":6},"end":{"line":162,"column":7}},"59":{"start":{"line":154,"column":35},"end":{"line":157,"column":10}},"60":{"start":{"line":159,"column":8},"end":{"line":161,"column":9}},"61":{"start":{"line":160,"column":10},"end":{"line":160,"column":90}},"62":{"start":{"line":165,"column":4},"end":{"line":165,"column":46}},"63":{"start":{"line":6,"column":0},"end":{"line":6,"column":13}}},"fnMap":{"0":{"name":"(anonymous_0)","decl":{"start":{"line":7,"column":2},"end":{"line":7,"column":8}},"loc":{"start":{"line":7,"column":77},"end":{"line":41,"column":3}}},"1":{"name":"(anonymous_1)","decl":{"start":{"line":43,"column":2},"end":{"line":43,"column":8}},"loc":{"start":{"line":43,"column":64},"end":{"line":66,"column":3}}},"2":{"name":"(anonymous_2)","decl":{"start":{"line":68,"column":2},"end":{"line":68,"column":8}},"loc":{"start":{"line":68,"column":37},"end":{"line":83,"column":3}}},"3":{"name":"(anonymous_3)","decl":{"start":{"line":85,"column":2},"end":{"line":85,"column":8}},"loc":{"start":{"line":85,"column":64},"end":{"line":106,"column":3}}},"4":{"name":"(anonymous_4)","decl":{"start":{"line":108,"column":2},"end":{"line":108,"column":8}},"loc":{"start":{"line":108,"column":36},"end":{"line":114,"column":3}}},"5":{"name":"(anonymous_5)","decl":{"start":{"line":116,"column":2},"end":{"line":116,"column":8}},"loc":{"start":{"line":116,"column":83},"end":{"line":133,"column":3}}},"6":{"name":"(anonymous_6)","decl":{"start":{"line":135,"column":2},"end":{"line":135,"column":8}},"loc":{"start":{"line":135,"column":113},"end":{"line":139,"column":3}}},"7":{"name":"(anonymous_7)","decl":{"start":{"line":142,"column":2},"end":{"line":142,"column":8}},"loc":{"start":{"line":142,"column":107},"end":{"line":166,"column":3}}},"8":{"name":"(anonymous_8)","decl":{"start":{"line":146,"column":46},"end":{"line":146,"column":53}},"loc":{"start":{"line":146,"column":57},"end":{"line":146,"column":68}}}},"branchMap":{"0":{"loc":{"start":{"line":12,"column":4},"end":{"line":17,"column":5}},"type":"if","locations":[{"start":{"line":12,"column":4},"end":{"line":17,"column":5}},{"start":{},"end":{}}]},"1":{"loc":{"start":{"line":14,"column":6},"end":{"line":16,"column":7}},"type":"if","locations":[{"start":{"line":14,"column":6},"end":{"line":16,"column":7}},{"start":{},"end":{}}]},"2":{"loc":{"start":{"line":36,"column":6},"end":{"line":38,"column":7}},"type":"if","locations":[{"start":{"line":36,"column":6},"end":{"line":38,"column":7}},{"start":{},"end":{}}]},"3":{"loc":{"start":{"line":71,"column":4},"end":{"line":73,"column":5}},"type":"if","locations":[{"start":{"line":71,"column":4},"end":{"line":73,"column":5}},{"start":{},"end":{}}]},"4":{"loc":{"start":{"line":86,"column":4},"end":{"line":86,"column":72}},"type":"if","locations":[{"start":{"line":86,"column":4},"end":{"line":86,"column":72}},{"start":{},"end":{}}]},"5":{"loc":{"start":{"line":94,"column":4},"end":{"line":96,"column":5}},"type":"if","locations":[{"start":{"line":94,"column":4},"end":{"line":96,"column":5}},{"start":{},"end":{}}]},"6":{"loc":{"start":{"line":111,"column":4},"end":{"line":113,"column":5}},"type":"if","locations":[{"start":{"line":111,"column":4},"end":{"line":113,"column":5}},{"start":{},"end":{}}]},"7":{"loc":{"start":{"line":117,"column":4},"end":{"line":117,"column":47}},"type":"if","locations":[{"start":{"line":117,"column":4},"end":{"line":117,"column":47}},{"start":{},"end":{}}]},"8":{"loc":{"start":{"line":120,"column":4},"end":{"line":122,"column":5}},"type":"if","locations":[{"start":{"line":120,"column":4},"end":{"line":122,"column":5}},{"start":{},"end":{}}]},"9":{"loc":{"start":{"line":128,"column":4},"end":{"line":130,"column":5}},"type":"if","locations":[{"start":{"line":128,"column":4},"end":{"line":130,"column":5}},{"start":{},"end":{}}]},"10":{"loc":{"start":{"line":128,"column":8},"end":{"line":128,"column":31}},"type":"binary-expr","locations":[{"start":{"line":128,"column":8},"end":{"line":128,"column":16}},{"start":{"line":128,"column":20},"end":{"line":128,"column":31}}]},"11":{"loc":{"start":{"line":142,"column":62},"end":{"line":142,"column":78}},"type":"default-arg","locations":[{"start":{"line":142,"column":76},"end":{"line":142,"column":78}}]},"12":{"loc":{"start":{"line":144,"column":4},"end":{"line":163,"column":5}},"type":"if","locations":[{"start":{"line":144,"column":4},"end":{"line":163,"column":5}},{"start":{},"end":{}}]},"13":{"loc":{"start":{"line":153,"column":6},"end":{"line":162,"column":7}},"type":"if","locations":[{"start":{"line":153,"column":6},"end":{"line":162,"column":7}},{"start":{},"end":{}}]},"14":{"loc":{"start":{"line":153,"column":10},"end":{"line":153,"column":68}},"type":"binary-expr","locations":[{"start":{"line":153,"column":10},"end":{"line":153,"column":24}},{"start":{"line":153,"column":28},"end":{"line":153,"column":68}}]},"15":{"loc":{"start":{"line":159,"column":8},"end":{"line":161,"column":9}},"type":"if","locations":[{"start":{"line":159,"column":8},"end":{"line":161,"column":9}},{"start":{},"end":{}}]}},"s":{"0":3,"1":3,"2":3,"3":4,"4":4,"5":4,"6":3,"7":3,"8":1,"9":3,"10":3,"11":3,"12":2,"13":2,"14":2,"15":2,"16":1,"17":1,"18":0,"19":5,"20":5,"21":5,"22":2,"23":2,"24":1,"25":1,"26":1,"27":1,"28":3,"29":1,"30":3,"31":3,"32":1,"33":2,"34":2,"35":2,"36":2,"37":2,"38":1,"39":5,"40":1,"41":4,"42":4,"43":1,"44":3,"45":3,"46":3,"47":3,"48":1,"49":2,"50":1,"51":1,"52":1,"53":3,"54":2,"55":2,"56":2,"57":2,"58":2,"59":1,"60":1,"61":1,"62":2,"63":3},"f":{"0":4,"1":5,"2":2,"3":3,"4":2,"5":5,"6":1,"7":3,"8":2},"b":{"0":[3,1],"1":[1,2],"2":[1,0],"3":[1,1],"4":[1,2],"5":[1,2],"6":[1,1],"7":[1,4],"8":[1,3],"9":[1,2],"10":[3,2],"11":[0],"12":[2,1],"13":[1,1],"14":[2,1],"15":[1,0]}}
,"C:\\Users\\Juan David Acevedo G\\OneDrive\\Documentos\\CompunetIII\\proyecto-node-express\\src\\services\\user.service.ts": {"path":"C:\\Users\\Juan David Acevedo G\\OneDrive\\Documentos\\CompunetIII\\proyecto-node-express\\src\\services\\user.service.ts","statementMap":{"0":{"start":{"line":1,"column":0},"end":{"line":1,"column":33}},"1":{"start":{"line":2,"column":0},"end":{"line":2,"column":43}},"2":{"start":{"line":3,"column":0},"end":{"line":3,"column":null}},"3":{"start":{"line":15,"column":53},"end":{"line":15,"column":61}},"4":{"start":{"line":18,"column":25},"end":{"line":18,"column":54}},"5":{"start":{"line":19,"column":4},"end":{"line":21,"column":5}},"6":{"start":{"line":20,"column":6},"end":{"line":20,"column":61}},"7":{"start":{"line":24,"column":17},"end":{"line":30,"column":6}},"8":{"start":{"line":32,"column":4},"end":{"line":32,"column":22}},"9":{"start":{"line":35,"column":18},"end":{"line":39,"column":6}},"10":{"start":{"line":41,"column":4},"end":{"line":52,"column":6}},"11":{"start":{"line":57,"column":32},"end":{"line":57,"column":41}},"12":{"start":{"line":60,"column":17},"end":{"line":60,"column":66}},"13":{"start":{"line":61,"column":4},"end":{"line":63,"column":5}},"14":{"start":{"line":62,"column":6},"end":{"line":62,"column":60}},"15":{"start":{"line":66,"column":4},"end":{"line":68,"column":5}},"16":{"start":{"line":67,"column":6},"end":{"line":67,"column":83}},"17":{"start":{"line":71,"column":28},"end":{"line":71,"column":64}},"18":{"start":{"line":72,"column":4},"end":{"line":74,"column":5}},"19":{"start":{"line":73,"column":6},"end":{"line":73,"column":60}},"20":{"start":{"line":77,"column":18},"end":{"line":81,"column":6}},"21":{"start":{"line":83,"column":4},"end":{"line":93,"column":6}},"22":{"start":{"line":98,"column":17},"end":{"line":98,"column":44}},"23":{"start":{"line":99,"column":4},"end":{"line":101,"column":5}},"24":{"start":{"line":100,"column":6},"end":{"line":100,"column":55}},"25":{"start":{"line":103,"column":4},"end":{"line":113,"column":6}},"26":{"start":{"line":118,"column":17},"end":{"line":118,"column":35}},"27":{"start":{"line":120,"column":27},"end":{"line":127,"column":6}},"28":{"start":{"line":129,"column":4},"end":{"line":138,"column":6}},"29":{"start":{"line":143,"column":71},"end":{"line":143,"column":79}},"30":{"start":{"line":146,"column":25},"end":{"line":146,"column":54}},"31":{"start":{"line":147,"column":4},"end":{"line":149,"column":5}},"32":{"start":{"line":148,"column":6},"end":{"line":148,"column":61}},"33":{"start":{"line":152,"column":17},"end":{"line":158,"column":6}},"34":{"start":{"line":160,"column":4},"end":{"line":160,"column":22}},"35":{"start":{"line":162,"column":4},"end":{"line":173,"column":6}},"36":{"start":{"line":179,"column":4},"end":{"line":181,"column":5}},"37":{"start":{"line":180,"column":6},"end":{"line":180,"column":39}},"38":{"start":{"line":183,"column":17},"end":{"line":186,"column":null}},"39":{"start":{"line":189,"column":4},"end":{"line":191,"column":5}},"40":{"start":{"line":190,"column":6},"end":{"line":190,"column":55}},"41":{"start":{"line":193,"column":4},"end":{"line":204,"column":6}},"42":{"start":{"line":210,"column":4},"end":{"line":212,"column":5}},"43":{"start":{"line":211,"column":6},"end":{"line":211,"column":71}},"44":{"start":{"line":214,"column":17},"end":{"line":214,"column":49}},"45":{"start":{"line":216,"column":4},"end":{"line":218,"column":5}},"46":{"start":{"line":217,"column":6},"end":{"line":217,"column":55}},"47":{"start":{"line":223,"column":17},"end":{"line":223,"column":40}},"48":{"start":{"line":224,"column":4},"end":{"line":226,"column":5}},"49":{"start":{"line":225,"column":6},"end":{"line":225,"column":55}},"50":{"start":{"line":228,"column":4},"end":{"line":238,"column":6}},"51":{"start":{"line":243,"column":4},"end":{"line":243,"column":47}},"52":{"start":{"line":243,"column":35},"end":{"line":243,"column":47}},"53":{"start":{"line":245,"column":4},"end":{"line":245,"column":35}},"54":{"start":{"line":12,"column":0},"end":{"line":12,"column":13}}},"fnMap":{"0":{"name":"(anonymous_0)","decl":{"start":{"line":14,"column":2},"end":{"line":14,"column":8}},"loc":{"start":{"line":14,"column":49},"end":{"line":53,"column":3}}},"1":{"name":"(anonymous_1)","decl":{"start":{"line":56,"column":2},"end":{"line":56,"column":8}},"loc":{"start":{"line":56,"column":44},"end":{"line":94,"column":3}}},"2":{"name":"(anonymous_2)","decl":{"start":{"line":97,"column":2},"end":{"line":97,"column":8}},"loc":{"start":{"line":97,"column":40},"end":{"line":114,"column":3}}},"3":{"name":"(anonymous_3)","decl":{"start":{"line":117,"column":2},"end":{"line":117,"column":8}},"loc":{"start":{"line":117,"column":54},"end":{"line":139,"column":3}}},"4":{"name":"(anonymous_4)","decl":{"start":{"line":142,"column":2},"end":{"line":142,"column":8}},"loc":{"start":{"line":142,"column":89},"end":{"line":174,"column":3}}},"5":{"name":"(anonymous_5)","decl":{"start":{"line":177,"column":2},"end":{"line":177,"column":8}},"loc":{"start":{"line":177,"column":64},"end":{"line":205,"column":3}}},"6":{"name":"(anonymous_6)","decl":{"start":{"line":208,"column":2},"end":{"line":208,"column":8}},"loc":{"start":{"line":208,"column":59},"end":{"line":219,"column":3}}},"7":{"name":"(anonymous_7)","decl":{"start":{"line":222,"column":2},"end":{"line":222,"column":8}},"loc":{"start":{"line":222,"column":37},"end":{"line":239,"column":3}}},"8":{"name":"(anonymous_8)","decl":{"start":{"line":242,"column":2},"end":{"line":242,"column":8}},"loc":{"start":{"line":242,"column":89},"end":{"line":246,"column":3}}}},"branchMap":{"0":{"loc":{"start":{"line":19,"column":4},"end":{"line":21,"column":5}},"type":"if","locations":[{"start":{"line":19,"column":4},"end":{"line":21,"column":5}},{"start":{},"end":{}}]},"1":{"loc":{"start":{"line":61,"column":4},"end":{"line":63,"column":5}},"type":"if","locations":[{"start":{"line":61,"column":4},"end":{"line":63,"column":5}},{"start":{},"end":{}}]},"2":{"loc":{"start":{"line":66,"column":4},"end":{"line":68,"column":5}},"type":"if","locations":[{"start":{"line":66,"column":4},"end":{"line":68,"column":5}},{"start":{},"end":{}}]},"3":{"loc":{"start":{"line":72,"column":4},"end":{"line":74,"column":5}},"type":"if","locations":[{"start":{"line":72,"column":4},"end":{"line":74,"column":5}},{"start":{},"end":{}}]},"4":{"loc":{"start":{"line":99,"column":4},"end":{"line":101,"column":5}},"type":"if","locations":[{"start":{"line":99,"column":4},"end":{"line":101,"column":5}},{"start":{},"end":{}}]},"5":{"loc":{"start":{"line":143,"column":50},"end":{"line":143,"column":66}},"type":"default-arg","locations":[{"start":{"line":143,"column":57},"end":{"line":143,"column":66}}]},"6":{"loc":{"start":{"line":147,"column":4},"end":{"line":149,"column":5}},"type":"if","locations":[{"start":{"line":147,"column":4},"end":{"line":149,"column":5}},{"start":{},"end":{}}]},"7":{"loc":{"start":{"line":179,"column":4},"end":{"line":181,"column":5}},"type":"if","locations":[{"start":{"line":179,"column":4},"end":{"line":181,"column":5}},{"start":{},"end":{}}]},"8":{"loc":{"start":{"line":189,"column":4},"end":{"line":191,"column":5}},"type":"if","locations":[{"start":{"line":189,"column":4},"end":{"line":191,"column":5}},{"start":{},"end":{}}]},"9":{"loc":{"start":{"line":210,"column":4},"end":{"line":212,"column":5}},"type":"if","locations":[{"start":{"line":210,"column":4},"end":{"line":212,"column":5}},{"start":{},"end":{}}]},"10":{"loc":{"start":{"line":216,"column":4},"end":{"line":218,"column":5}},"type":"if","locations":[{"start":{"line":216,"column":4},"end":{"line":218,"column":5}},{"start":{},"end":{}}]},"11":{"loc":{"start":{"line":224,"column":4},"end":{"line":226,"column":5}},"type":"if","locations":[{"start":{"line":224,"column":4},"end":{"line":226,"column":5}},{"start":{},"end":{}}]},"12":{"loc":{"start":{"line":243,"column":4},"end":{"line":243,"column":47}},"type":"if","locations":[{"start":{"line":243,"column":4},"end":{"line":243,"column":47}},{"start":{},"end":{}}]}},"s":{"0":4,"1":4,"2":4,"3":2,"4":2,"5":2,"6":1,"7":1,"8":1,"9":1,"10":1,"11":4,"12":4,"13":4,"14":1,"15":3,"16":1,"17":2,"18":2,"19":1,"20":1,"21":1,"22":2,"23":2,"24":1,"25":1,"26":1,"27":1,"28":1,"29":2,"30":2,"31":2,"32":1,"33":1,"34":1,"35":1,"36":3,"37":1,"38":3,"39":3,"40":1,"41":2,"42":3,"43":1,"44":2,"45":2,"46":1,"47":2,"48":2,"49":1,"50":1,"51":3,"52":1,"53":2,"54":4},"f":{"0":2,"1":4,"2":2,"3":1,"4":2,"5":3,"6":3,"7":2,"8":3},"b":{"0":[1,1],"1":[1,3],"2":[1,2],"3":[1,1],"4":[1,1],"5":[2],"6":[1,1],"7":[1,2],"8":[1,2],"9":[1,2],"10":[1,1],"11":[1,1],"12":[1,2]}}
,"C:\\Users\\Juan David Acevedo G\\OneDrive\\Documentos\\CompunetIII\\proyecto-node-express\\src\\utils\\createSuperAdmin.ts": {"path":"C:\\Users\\Juan David Acevedo G\\OneDrive\\Documentos\\CompunetIII\\proyecto-node-express\\src\\utils\\createSuperAdmin.ts","statementMap":{"0":{"start":{"line":1,"column":0},"end":{"line":1,"column":33}},"1":{"start":{"line":3,"column":32},"end":{"line":37,"column":1}},"2":{"start":{"line":4,"column":2},"end":{"line":36,"column":3}},"3":{"start":{"line":5,"column":4},"end":{"line":5,"column":52}},"4":{"start":{"line":8,"column":31},"end":{"line":8,"column":73}},"5":{"start":{"line":10,"column":4},"end":{"line":13,"column":5}},"6":{"start":{"line":11,"column":6},"end":{"line":11,"column":76}},"7":{"start":{"line":12,"column":6},"end":{"line":12,"column":13}},"8":{"start":{"line":15,"column":4},"end":{"line":15,"column":48}},"9":{"start":{"line":18,"column":23},"end":{"line":25,"column":6}},"10":{"start":{"line":27,"column":4},"end":{"line":27,"column":28}},"11":{"start":{"line":29,"column":4},"end":{"line":29,"column":44}},"12":{"start":{"line":30,"column":4},"end":{"line":30,"column":52}},"13":{"start":{"line":31,"column":4},"end":{"line":31,"column":46}},"14":{"start":{"line":32,"column":4},"end":{"line":32,"column":70}},"15":{"start":{"line":35,"column":4},"end":{"line":35,"column":77}},"16":{"start":{"line":3,"column":13},"end":{"line":3,"column":32}}},"fnMap":{"0":{"name":"(anonymous_0)","decl":{"start":{"line":3,"column":32},"end":{"line":3,"column":37}},"loc":{"start":{"line":3,"column":58},"end":{"line":37,"column":1}}}},"branchMap":{"0":{"loc":{"start":{"line":10,"column":4},"end":{"line":13,"column":5}},"type":"if","locations":[{"start":{"line":10,"column":4},"end":{"line":13,"column":5}},{"start":{},"end":{}}]},"1":{"loc":{"start":{"line":35,"column":53},"end":{"line":35,"column":75}},"type":"binary-expr","locations":[{"start":{"line":35,"column":53},"end":{"line":35,"column":66}},{"start":{"line":35,"column":70},"end":{"line":35,"column":75}}]}},"s":{"0":0,"1":0,"2":0,"3":0,"4":0,"5":0,"6":0,"7":0,"8":0,"9":0,"10":0,"11":0,"12":0,"13":0,"14":0,"15":0,"16":0},"f":{"0":0},"b":{"0":[0,0],"1":[0,0]}}
}
