TN:
SF:src\config\database.ts
FN:4,(anonymous_1)
FNF:1
FNH:0
FNDA:0,(anonymous_1)
DA:1,0
DA:2,0
DA:4,0
DA:5,0
DA:7,0
DA:14,0
DA:16,0
DA:18,0
DA:19,0
DA:20,0
DA:21,0
DA:26,0
LF:12
LH:0
BRF:0
BRH:0
end_of_record
TN:
SF:src\controllers\auth.controller.ts
FN:6,(anonymous_0)
FN:21,(anonymous_1)
FN:36,(anonymous_2)
FNF:3
FNH:3
FNDA:4,(anonymous_0)
FNDA:4,(anonymous_1)
FNDA:7,(anonymous_2)
DA:2,1
DA:5,1
DA:7,4
DA:8,4
DA:9,4
DA:11,1
DA:17,3
DA:22,4
DA:23,4
DA:24,4
DA:26,1
DA:32,3
DA:37,7
DA:38,7
DA:40,7
DA:41,3
DA:47,4
DA:48,4
DA:50,2
DA:56,2
LF:20
LH:20
BRDA:40,0,0,3
BRDA:40,0,1,4
BRDA:40,1,0,7
BRDA:40,1,1,5
BRF:4
BRH:4
end_of_record
TN:
SF:src\controllers\project.controller.ts
FN:7,(anonymous_0)
FN:28,(anonymous_1)
FN:58,(anonymous_2)
FN:80,(anonymous_3)
FN:104,(anonymous_4)
FN:126,(anonymous_5)
FN:143,(anonymous_6)
FNF:7
FNH:7
FNDA:3,(anonymous_0)
FNDA:4,(anonymous_1)
FNDA:4,(anonymous_2)
FNDA:4,(anonymous_3)
FNDA:3,(anonymous_4)
FNDA:3,(anonymous_5)
FNDA:2,(anonymous_6)
DA:2,1
DA:4,1
DA:6,1
DA:8,3
DA:9,3
DA:10,3
DA:12,3
DA:13,1
DA:16,2
DA:18,1
DA:24,2
DA:29,4
DA:30,4
DA:31,4
DA:33,4
DA:35,4
DA:36,1
DA:39,4
DA:40,1
DA:43,4
DA:44,3
DA:47,4
DA:49,3
DA:54,1
DA:59,4
DA:60,4
DA:61,4
DA:62,4
DA:64,4
DA:65,2
DA:68,2
DA:69,1
DA:71,1
DA:76,3
DA:81,4
DA:82,4
DA:83,4
DA:84,4
DA:86,4
DA:87,1
DA:90,3
DA:91,3
DA:92,2
DA:94,1
DA:100,3
DA:105,3
DA:106,3
DA:107,3
DA:108,3
DA:110,3
DA:111,1
DA:114,2
DA:115,1
DA:117,1
DA:122,2
DA:127,3
DA:128,3
DA:129,3
DA:131,3
DA:132,3
DA:134,2
DA:139,1
DA:144,2
DA:145,2
DA:147,1
DA:152,1
LF:66
LH:66
BRDA:12,0,0,1
BRDA:12,0,1,2
BRDA:30,1,0,4
BRDA:30,1,1,3
BRDA:31,2,0,4
BRDA:31,2,1,3
BRDA:35,3,0,1
BRDA:35,3,1,3
BRDA:39,4,0,1
BRDA:39,4,1,3
BRDA:43,5,0,3
BRDA:43,5,1,1
BRDA:64,6,0,2
BRDA:64,6,1,2
BRDA:64,7,0,4
BRDA:64,7,1,3
BRDA:64,7,2,2
BRDA:86,8,0,1
BRDA:86,8,1,3
BRDA:86,9,0,4
BRDA:86,9,1,3
BRDA:86,9,2,3
BRDA:110,10,0,1
BRDA:110,10,1,2
BRDA:110,11,0,3
BRDA:110,11,1,2
BRDA:110,11,2,2
BRDA:128,12,0,3
BRDA:128,12,1,2
BRDA:129,13,0,3
BRDA:129,13,1,2
BRF:31
BRH:31
end_of_record
TN:
SF:src\controllers\task.controller.ts
FN:7,(anonymous_0)
FN:28,(anonymous_1)
FN:65,(anonymous_2)
FN:87,(anonymous_3)
FN:111,(anonymous_4)
FN:133,(anonymous_5)
FNF:6
FNH:6
FNDA:3,(anonymous_0)
FNDA:3,(anonymous_1)
FNDA:4,(anonymous_2)
FNDA:4,(anonymous_3)
FNDA:3,(anonymous_4)
FNDA:5,(anonymous_5)
DA:2,1
DA:4,1
DA:6,1
DA:8,3
DA:9,3
DA:10,3
DA:12,3
DA:13,1
DA:16,2
DA:18,1
DA:24,2
DA:29,3
DA:30,3
DA:31,3
DA:32,3
DA:34,3
DA:36,3
DA:37,1
DA:40,3
DA:41,1
DA:44,3
DA:45,1
DA:47,3
DA:55,2
DA:60,1
DA:66,4
DA:67,4
DA:68,4
DA:69,4
DA:71,4
DA:72,2
DA:75,2
DA:76,1
DA:78,1
DA:83,3
DA:88,4
DA:89,4
DA:90,4
DA:91,4
DA:93,4
DA:94,1
DA:97,3
DA:98,3
DA:99,2
DA:101,1
DA:107,3
DA:112,3
DA:113,3
DA:114,3
DA:115,3
DA:117,3
DA:118,1
DA:121,2
DA:122,1
DA:124,1
DA:129,2
DA:134,5
DA:135,5
DA:136,5
DA:137,5
DA:138,5
DA:139,5
DA:141,5
DA:142,2
DA:145,3
DA:147,2
DA:152,3
LF:67
LH:67
BRDA:12,0,0,1
BRDA:12,0,1,2
BRDA:30,1,0,3
BRDA:30,1,1,2
BRDA:31,2,0,3
BRDA:31,2,1,2
BRDA:36,3,0,1
BRDA:36,3,1,2
BRDA:40,4,0,1
BRDA:40,4,1,2
BRDA:44,5,0,1
BRDA:44,5,1,2
BRDA:71,6,0,2
BRDA:71,6,1,2
BRDA:71,7,0,4
BRDA:71,7,1,3
BRDA:71,7,2,2
BRDA:93,8,0,1
BRDA:93,8,1,3
BRDA:93,9,0,4
BRDA:93,9,1,3
BRDA:93,9,2,3
BRDA:117,10,0,1
BRDA:117,10,1,2
BRDA:117,11,0,3
BRDA:117,11,1,2
BRDA:117,11,2,2
BRDA:138,12,0,5
BRDA:138,12,1,4
BRDA:139,13,0,5
BRDA:139,13,1,4
BRDA:141,14,0,2
BRDA:141,14,1,3
BRDA:141,15,0,5
BRDA:141,15,1,4
BRDA:141,15,2,3
BRF:36
BRH:36
end_of_record
TN:
SF:src\controllers\user.controller.ts
FN:8,(anonymous_0)
FN:24,(anonymous_1)
FN:40,(anonymous_2)
FN:60,(anonymous_3)
FN:77,(anonymous_4)
FN:93,(anonymous_5)
FN:115,(anonymous_6)
FN:136,(anonymous_7)
FNF:8
FNH:8
FNDA:2,(anonymous_0)
FNDA:2,(anonymous_1)
FNDA:3,(anonymous_2)
FNDA:3,(anonymous_3)
FNDA:2,(anonymous_4)
FNDA:3,(anonymous_5)
FNDA:4,(anonymous_6)
FNDA:3,(anonymous_7)
DA:2,1
DA:4,1
DA:6,1
DA:9,2
DA:10,2
DA:11,2
DA:13,1
DA:19,1
DA:25,2
DA:26,2
DA:27,2
DA:29,1
DA:35,1
DA:41,3
DA:42,3
DA:44,3
DA:45,1
DA:48,2
DA:50,1
DA:55,2
DA:61,3
DA:62,3
DA:63,3
DA:65,3
DA:67,2
DA:72,1
DA:78,2
DA:79,2
DA:80,2
DA:82,1
DA:88,1
DA:94,3
DA:95,3
DA:97,3
DA:98,1
DA:101,2
DA:102,2
DA:104,1
DA:110,2
DA:116,4
DA:117,4
DA:118,4
DA:120,4
DA:121,2
DA:124,2
DA:126,1
DA:131,3
DA:137,3
DA:138,3
DA:140,3
DA:141,1
DA:144,2
DA:146,1
DA:151,2
LF:54
LH:54
BRDA:44,0,0,1
BRDA:44,0,1,2
BRDA:62,1,0,3
BRDA:62,1,1,2
BRDA:63,2,0,3
BRDA:63,2,1,2
BRDA:97,3,0,1
BRDA:97,3,1,2
BRDA:120,4,0,2
BRDA:120,4,1,2
BRDA:120,5,0,4
BRDA:120,5,1,3
BRDA:140,6,0,1
BRDA:140,6,1,2
BRF:14
BRH:14
end_of_record
TN:
SF:src\middleware\auth.ts
FN:5,(anonymous_0)
FN:35,(anonymous_1)
FN:36,(anonymous_2)
FNF:3
FNH:3
FNDA:13,(anonymous_0)
FNDA:11,(anonymous_1)
FNDA:10,(anonymous_2)
DA:2,1
DA:5,1
DA:6,13
DA:7,13
DA:9,13
DA:10,4
DA:14,4
DA:17,9
DA:19,9
DA:20,6
DA:26,6
DA:28,3
DA:35,1
DA:36,11
DA:37,10
DA:38,1
DA:42,1
DA:45,9
DA:46,5
DA:50,5
DA:53,4
LF:21
LH:21
BRDA:9,0,0,4
BRDA:9,0,1,9
BRDA:9,1,0,13
BRDA:9,1,1,11
BRDA:37,2,0,1
BRDA:37,2,1,9
BRDA:45,3,0,5
BRDA:45,3,1,4
BRF:8
BRH:8
end_of_record
TN:
SF:src\middleware\error.ts
FN:7,(anonymous_0)
FN:16,(anonymous_1)
FN:22,(anonymous_2)
FN:28,(anonymous_3)
FN:34,(anonymous_4)
FN:40,(anonymous_5)
FN:46,(anonymous_6)
FN:51,(anonymous_7)
FN:94,(anonymous_8)
FNF:9
FNH:9
FNDA:98,(anonymous_0)
FNDA:27,(anonymous_1)
FNDA:19,(anonymous_2)
FNDA:8,(anonymous_3)
FNDA:11,(anonymous_4)
FNDA:23,(anonymous_5)
FNDA:5,(anonymous_6)
FNDA:17,(anonymous_7)
FNDA:5,(anonymous_8)
DA:3,15
DA:8,98
DA:9,98
DA:10,98
DA:11,98
DA:15,15
DA:17,27
DA:21,15
DA:23,19
DA:27,15
DA:29,8
DA:33,15
DA:35,11
DA:39,15
DA:41,23
DA:45,15
DA:47,5
DA:51,15
DA:52,17
DA:53,3
DA:56,17
DA:57,8
DA:65,9
DA:66,1
DA:72,8
DA:73,1
DA:79,7
DA:80,1
DA:86,6
DA:94,15
DA:95,5
LF:31
LH:31
BRDA:7,0,0,2
BRDA:7,1,0,97
BRDA:16,2,0,2
BRDA:22,3,0,2
BRDA:28,4,0,2
BRDA:34,5,0,2
BRDA:40,6,0,2
BRDA:46,7,0,2
BRDA:52,8,0,3
BRDA:52,8,1,14
BRDA:56,9,0,8
BRDA:56,9,1,9
BRDA:60,10,0,8
BRDA:60,10,1,1
BRDA:65,11,0,1
BRDA:65,11,1,8
BRDA:65,12,0,9
BRDA:65,12,1,1
BRDA:72,13,0,1
BRDA:72,13,1,7
BRDA:79,14,0,1
BRDA:79,14,1,6
BRDA:88,15,0,3
BRDA:88,15,1,3
BRF:24
BRH:24
end_of_record
TN:
SF:src\middleware\validation.ts
FN:60,(anonymous_0)
FNF:1
FNH:1
FNDA:11,(anonymous_0)
DA:1,1
DA:4,1
DA:24,1
DA:34,1
DA:60,1
DA:65,11
DA:67,11
DA:68,7
DA:73,7
DA:76,4
DA:80,1
LF:11
LH:11
BRDA:67,0,0,7
BRDA:67,0,1,4
BRF:2
BRH:2
end_of_record
TN:
SF:src\models\User.ts
FN:66,(anonymous_10)
FN:74,(anonymous_11)
FN:83,(anonymous_12)
FNF:3
FNH:0
FNDA:0,(anonymous_10)
FNDA:0,(anonymous_11)
FNDA:0,(anonymous_12)
DA:1,8
DA:2,8
DA:18,8
DA:67,0
DA:68,0
DA:74,8
DA:75,0
DA:77,0
DA:78,0
DA:79,0
DA:83,8
DA:84,0
DA:88,8
DA:89,8
DA:91,8
LF:15
LH:8
BRDA:75,0,0,0
BRDA:75,0,1,0
BRDA:77,1,0,0
BRDA:77,1,1,0
BRF:4
BRH:0
end_of_record
TN:
SF:src\models\project.model.ts
FN:43,(anonymous_0)
FNF:1
FNH:0
FNDA:0,(anonymous_0)
DA:1,8
DA:6,8
DA:39,8
DA:40,8
DA:41,8
DA:43,8
DA:44,0
DA:45,0
DA:47,0
DA:50,8
LF:10
LH:7
BRDA:44,0,0,0
BRDA:44,0,1,0
BRDA:44,1,0,0
BRDA:44,1,1,0
BRF:4
BRH:0
end_of_record
TN:
SF:src\models\task.model.ts
FNF:0
FNH:0
DA:1,8
DA:7,8
DA:48,8
DA:49,8
DA:50,8
DA:51,8
DA:53,8
LF:7
LH:7
BRF:0
BRH:0
end_of_record
TN:
SF:src\routes\auth.routes.ts
FNF:0
FNH:0
DA:1,0
DA:2,0
DA:3,0
DA:4,0
DA:6,0
DA:9,0
DA:21,0
DA:43,0
DA:44,0
DA:45,0
DA:47,0
LF:11
LH:0
BRF:0
BRH:0
end_of_record
TN:
SF:src\routes\project.routes.ts
FNF:0
FNH:0
DA:2,0
DA:3,0
DA:4,0
DA:6,0
DA:8,0
DA:10,0
DA:11,0
DA:12,0
DA:13,0
DA:14,0
DA:15,0
DA:16,0
DA:18,0
LF:13
LH:0
BRF:0
BRH:0
end_of_record
TN:
SF:src\routes\task.routes.ts
FNF:0
FNH:0
DA:1,0
DA:2,0
DA:3,0
DA:5,0
DA:7,0
DA:9,0
DA:10,0
DA:11,0
DA:12,0
DA:13,0
DA:14,0
DA:16,0
LF:12
LH:0
BRF:0
BRH:0
end_of_record
TN:
SF:src\routes\users.ts
FNF:0
FNH:0
DA:1,0
DA:2,0
DA:3,0
DA:12,0
DA:15,0
DA:21,0
DA:28,0
DA:31,0
DA:34,0
DA:39,0
DA:46,0
DA:51,0
DA:58,0
DA:63,0
LF:14
LH:0
BRF:0
BRH:0
end_of_record
TN:
SF:src\services\jwt.service.ts
FN:19,(anonymous_1)
FN:53,(anonymous_2)
FN:85,(anonymous_3)
FN:108,(anonymous_4)
FN:125,(anonymous_5)
FN:128,(anonymous_6)
FNF:6
FNH:6
FNDA:6,(anonymous_1)
FNDA:4,(anonymous_2)
FNDA:7,(anonymous_3)
FNDA:3,(anonymous_4)
FNDA:1,(anonymous_5)
FNDA:1,(anonymous_6)
DA:1,7
DA:2,7
DA:3,7
DA:4,7
DA:5,7
DA:13,7
DA:16,7
DA:17,7
DA:20,6
DA:22,6
DA:23,6
DA:24,1
DA:28,5
DA:29,5
DA:30,1
DA:34,4
DA:40,4
DA:44,4
DA:54,4
DA:57,4
DA:58,4
DA:59,1
DA:63,3
DA:66,3
DA:74,3
DA:75,3
DA:77,3
DA:86,7
DA:87,7
DA:90,4
DA:91,4
DA:92,1
DA:95,3
DA:97,4
DA:98,1
DA:100,3
DA:101,1
DA:103,2
DA:109,3
DA:115,3
DA:121,7
DA:124,7
DA:126,1
DA:129,1
LF:44
LH:44
BRDA:23,0,0,1
BRDA:23,0,1,5
BRDA:29,1,0,1
BRDA:29,1,1,4
BRDA:35,2,0,4
BRDA:35,2,1,0
BRDA:45,3,0,4
BRDA:45,3,1,0
BRDA:46,4,0,4
BRDA:46,4,1,1
BRDA:58,5,0,1
BRDA:58,5,1,3
BRDA:78,6,0,3
BRDA:78,6,1,0
BRDA:79,7,0,3
BRDA:79,7,1,1
BRDA:91,8,0,1
BRDA:91,8,1,3
BRDA:97,9,0,1
BRDA:97,9,1,3
BRDA:100,10,0,1
BRDA:100,10,1,2
BRF:22
BRH:19
end_of_record
TN:
SF:src\services\project.services.ts
FN:6,(anonymous_0)
FN:40,(anonymous_1)
FN:64,(anonymous_2)
FN:76,(anonymous_3)
FN:103,(anonymous_4)
FN:111,(anonymous_5)
FN:126,(anonymous_6)
FNF:7
FNH:7
FNDA:5,(anonymous_0)
FNDA:2,(anonymous_1)
FNDA:2,(anonymous_2)
FNDA:4,(anonymous_3)
FNDA:2,(anonymous_4)
FNDA:5,(anonymous_5)
FNDA:2,(anonymous_6)
DA:1,5
DA:2,5
DA:5,5
DA:7,5
DA:9,5
DA:10,5
DA:11,1
DA:14,4
DA:15,1
DA:18,3
DA:19,3
DA:28,3
DA:29,2
DA:30,2
DA:31,2
DA:33,1
DA:34,1
DA:36,0
DA:41,2
DA:43,2
DA:52,2
DA:65,2
DA:68,2
DA:69,1
DA:72,1
DA:73,1
DA:78,4
DA:79,2
DA:80,2
DA:81,2
DA:82,1
DA:86,3
DA:87,3
DA:89,3
DA:95,3
DA:96,1
DA:99,2
DA:100,2
DA:104,2
DA:106,2
DA:107,1
DA:112,5
DA:114,4
DA:115,4
DA:116,1
DA:119,3
DA:120,2
DA:123,1
DA:127,2
DA:129,2
DA:130,1
DA:133,2
DA:143,2
DA:145,2
LF:54
LH:53
BRDA:10,0,0,1
BRDA:10,0,1,4
BRDA:14,1,0,1
BRDA:14,1,1,3
BRDA:14,2,0,4
BRDA:14,2,1,3
BRDA:24,3,0,2
BRDA:24,3,1,1
BRDA:33,4,0,1
BRDA:33,4,1,0
BRDA:68,5,0,1
BRDA:68,5,1,1
BRDA:78,6,0,2
BRDA:78,6,1,2
BRDA:78,7,0,4
BRDA:78,7,1,2
BRDA:81,8,0,1
BRDA:81,8,1,1
BRDA:86,9,0,1
BRDA:86,9,1,2
BRDA:87,10,0,1
BRDA:87,10,1,2
BRDA:95,11,0,1
BRDA:95,11,1,2
BRDA:106,12,0,1
BRDA:106,12,1,1
BRDA:112,13,0,1
BRDA:112,13,1,4
BRDA:115,14,0,1
BRDA:115,14,1,3
BRDA:119,15,0,2
BRDA:119,15,1,1
BRDA:119,16,0,3
BRDA:119,16,1,2
BRDA:129,17,0,1
BRDA:129,17,1,1
BRF:36
BRH:35
end_of_record
TN:
SF:src\services\task.services.ts
FN:7,(anonymous_0)
FN:43,(anonymous_1)
FN:68,(anonymous_2)
FN:85,(anonymous_3)
FN:108,(anonymous_4)
FN:116,(anonymous_5)
FN:135,(anonymous_6)
FN:142,(anonymous_7)
FN:146,(anonymous_8)
FNF:9
FNH:9
FNDA:4,(anonymous_0)
FNDA:5,(anonymous_1)
FNDA:2,(anonymous_2)
FNDA:3,(anonymous_3)
FNDA:2,(anonymous_4)
FNDA:5,(anonymous_5)
FNDA:1,(anonymous_6)
FNDA:3,(anonymous_7)
FNDA:2,(anonymous_8)
DA:1,3
DA:2,3
DA:3,3
DA:6,3
DA:8,4
DA:10,4
DA:12,4
DA:13,3
DA:14,3
DA:15,1
DA:19,3
DA:20,3
DA:30,3
DA:31,2
DA:32,2
DA:33,2
DA:34,2
DA:36,1
DA:37,1
DA:39,0
DA:44,5
DA:46,5
DA:56,5
DA:69,2
DA:71,2
DA:72,1
DA:76,1
DA:81,1
DA:82,1
DA:86,3
DA:88,3
DA:94,3
DA:95,1
DA:99,2
DA:104,2
DA:105,2
DA:109,2
DA:111,2
DA:112,1
DA:117,5
DA:119,4
DA:120,4
DA:121,1
DA:124,3
DA:125,3
DA:126,3
DA:128,3
DA:129,1
DA:132,2
DA:136,1
DA:137,1
DA:138,1
DA:144,3
DA:145,2
DA:146,2
DA:148,2
DA:153,2
DA:154,1
DA:159,1
DA:160,1
DA:165,2
LF:61
LH:60
BRDA:12,0,0,3
BRDA:12,0,1,1
BRDA:14,1,0,1
BRDA:14,1,1,2
BRDA:36,2,0,1
BRDA:36,2,1,0
BRDA:71,3,0,1
BRDA:71,3,1,1
BRDA:86,4,0,1
BRDA:86,4,1,2
BRDA:94,5,0,1
BRDA:94,5,1,2
BRDA:111,6,0,1
BRDA:111,6,1,1
BRDA:117,7,0,1
BRDA:117,7,1,4
BRDA:120,8,0,1
BRDA:120,8,1,3
BRDA:128,9,0,1
BRDA:128,9,1,2
BRDA:128,10,0,3
BRDA:128,10,1,2
BRDA:142,11,0,0
BRDA:144,12,0,2
BRDA:144,12,1,1
BRDA:153,13,0,1
BRDA:153,13,1,1
BRDA:153,14,0,2
BRDA:153,14,1,1
BRDA:159,15,0,1
BRDA:159,15,1,0
BRF:31
BRH:28
end_of_record
TN:
SF:src\services\user.service.ts
FN:14,(anonymous_0)
FN:56,(anonymous_1)
FN:97,(anonymous_2)
FN:117,(anonymous_3)
FN:142,(anonymous_4)
FN:177,(anonymous_5)
FN:208,(anonymous_6)
FN:222,(anonymous_7)
FN:242,(anonymous_8)
FNF:9
FNH:9
FNDA:2,(anonymous_0)
FNDA:4,(anonymous_1)
FNDA:2,(anonymous_2)
FNDA:1,(anonymous_3)
FNDA:2,(anonymous_4)
FNDA:3,(anonymous_5)
FNDA:3,(anonymous_6)
FNDA:2,(anonymous_7)
FNDA:3,(anonymous_8)
DA:1,4
DA:2,4
DA:3,4
DA:12,4
DA:15,2
DA:18,2
DA:19,2
DA:20,1
DA:24,1
DA:32,1
DA:35,1
DA:41,1
DA:57,4
DA:60,4
DA:61,4
DA:62,1
DA:66,3
DA:67,1
DA:71,2
DA:72,2
DA:73,1
DA:77,1
DA:83,1
DA:98,2
DA:99,2
DA:100,1
DA:103,1
DA:118,1
DA:120,1
DA:129,1
DA:143,2
DA:146,2
DA:147,2
DA:148,1
DA:152,1
DA:160,1
DA:162,1
DA:179,3
DA:180,1
DA:183,3
DA:189,3
DA:190,1
DA:193,2
DA:210,3
DA:211,1
DA:214,2
DA:216,2
DA:217,1
DA:223,2
DA:224,2
DA:225,1
DA:228,1
DA:243,3
DA:245,2
LF:54
LH:54
BRDA:19,0,0,1
BRDA:19,0,1,1
BRDA:61,1,0,1
BRDA:61,1,1,3
BRDA:66,2,0,1
BRDA:66,2,1,2
BRDA:72,3,0,1
BRDA:72,3,1,1
BRDA:99,4,0,1
BRDA:99,4,1,1
BRDA:143,5,0,2
BRDA:147,6,0,1
BRDA:147,6,1,1
BRDA:179,7,0,1
BRDA:179,7,1,2
BRDA:189,8,0,1
BRDA:189,8,1,2
BRDA:210,9,0,1
BRDA:210,9,1,2
BRDA:216,10,0,1
BRDA:216,10,1,1
BRDA:224,11,0,1
BRDA:224,11,1,1
BRDA:243,12,0,1
BRDA:243,12,1,2
BRF:25
BRH:25
end_of_record
TN:
SF:src\utils\createSuperAdmin.ts
FN:3,(anonymous_0)
FNF:1
FNH:0
FNDA:0,(anonymous_0)
DA:1,0
DA:3,0
DA:4,0
DA:5,0
DA:8,0
DA:10,0
DA:11,0
DA:12,0
DA:15,0
DA:18,0
DA:27,0
DA:29,0
DA:30,0
DA:31,0
DA:32,0
DA:35,0
LF:16
LH:0
BRDA:10,0,0,0
BRDA:10,0,1,0
BRDA:35,1,0,0
BRDA:35,1,1,0
BRF:4
BRH:0
end_of_record
